#
# A fatal error has been detected by the Java Runtime Environment:
#
#  EXCEPTION_ACCESS_VIOLATION (0xc0000005) at pc=0x00007ffb163a11ec, pid=792, tid=7160
#
# JRE version: OpenJDK Runtime Environment 18.9 (11.0.15+10) (build 11.0.15+10)
# Java VM: OpenJDK 64-Bit Server VM 18.9 (11.0.15+10, mixed mode, tiered, compressed oops, g1 gc, windows-amd64)
# Problematic frame:
# C  [atio6axx.dll+0x1bc11ec]
#
# No core dump will be written. Minidumps are not enabled by default on client versions of Windows
#
# If you would like to submit a bug report, please visit:
#   https://bugreport.java.com/bugreport/crash.jsp
# The crash happened outside the Java Virtual Machine in native code.
# See problematic frame for where to report the bug.
#

---------------  S U M M A R Y ------------

Command Line: .\target\miniengine-1.0-SNAPSHOT.jar

Host: AMD Ryzen 7 5700U with Radeon Graphics         , 16 cores, 7G,  Windows 11 , 64 bit Build 22000 (10.0.22000.708)
Time: Sat Jul  9 02:30:51 2022 India Standard Time elapsed time: 1.010711 seconds (0d 0h 0m 1s)

---------------  T H R E A D  ---------------

Current thread (0x000001b4e082b000):  JavaThread "main" [_thread_in_native, id=7160, stack(0x00000037d9d00000,0x00000037d9e00000)]

Stack: [0x00000037d9d00000,0x00000037d9e00000],  sp=0x00000037d9dfe9e8,  free space=1018k
Native frames: (J=compiled Java code, j=interpreted, Vv=VM code, C=native code)
C  [atio6axx.dll+0x1bc11ec]

Java frames: (J=compiled Java code, j=interpreted, Vv=VM code)
j  org.lwjgl.opengl.GL11C.nglTexImage2D(IIIIIIIIJ)V+0
j  org.lwjgl.opengl.GL11C.glTexImage2D(IIIIIIIILjava/nio/ByteBuffer;)V+17
j  org.lwjgl.opengl.GL11.glTexImage2D(IIIIIIIILjava/nio/ByteBuffer;)V+14
j  engine.services.GlService.renderObject(Lengine/models/BufferEnum;Lengine/models/DrawTypeEnum;Lengine/models/Polygon;ILengine/models/ShaderProgram;)V+215
j  engine.strategy.RectTextureRenderingStrategy.execute()V+281
j  Application.main([Ljava/lang/String;)V+54
v  ~StubRoutines::call_stub

siginfo: EXCEPTION_ACCESS_VIOLATION (0xc0000005), reading address 0x0000000000000010


Register to memory mapping:

RIP=0x00007ffb163a11ec atio6axx.dll
RAX=0x000001b4858fecb0 points into unknown readable memory: 0x000001b48d1c2090 | 90 20 1c 8d b4 01 00 00
RBX=0x000001b48d1d2d50 points into unknown readable memory: 0x0000006400000001 | 01 00 00 00 64 00 00 00
RCX=0x000001b4858fecb0 points into unknown readable memory: 0x000001b48d1c2090 | 90 20 1c 8d b4 01 00 00
RDX=0x0000000000000010 is an unknown value
RSP=0x00000037d9dfe9e8 is pointing into the stack for thread: 0x000001b4e082b000
RBP=0x000000000000012c is an unknown value
RSI=0x000001b482d7e768 points into unknown readable memory: 0x0000000000007530 | 30 75 00 00 00 00 00 00
RDI=0x0000000000007530 is an unknown value
R8 =0x0000000000007530 is an unknown value
R9 =0x0000000000007540 is an unknown value
R10=0x00007ffb147e0000 atio6axx.dll
R11=0x0 is NULL
R12=0x00000037d9dfeb50 is pointing into the stack for thread: 0x000001b4e082b000
R13=0x0000000000000010 is an unknown value
R14=0x000001b482d7e768 points into unknown readable memory: 0x0000000000007530 | 30 75 00 00 00 00 00 00
R15=0x000000000000012c is an unknown value


Registers:
RAX=0x000001b4858fecb0, RBX=0x000001b48d1d2d50, RCX=0x000001b4858fecb0, RDX=0x0000000000000010
RSP=0x00000037d9dfe9e8, RBP=0x000000000000012c, RSI=0x000001b482d7e768, RDI=0x0000000000007530
R8 =0x0000000000007530, R9 =0x0000000000007540, R10=0x00007ffb147e0000, R11=0x0000000000000000
R12=0x00000037d9dfeb50, R13=0x0000000000000010, R14=0x000001b482d7e768, R15=0x000000000000012c
RIP=0x00007ffb163a11ec, EFLAGS=0x0000000000010246

Top of Stack: (sp=0x00000037d9dfe9e8)
0x00000037d9dfe9e8:   00007ffb15c33020 000001b4e04c0000
0x00000037d9dfe9f8:   000000000000000f 000001b4850a9900
0x00000037d9dfea08:   000001b48514aa88 00007ffb17290634
0x00000037d9dfea18:   000000000000057c 000001b48534a610
0x00000037d9dfea28:   000001b4850a9900 000001b4850a9900
0x00000037d9dfea38:   00000037d9dfec68 0000000000000064
0x00000037d9dfea48:   0000000000000000 0000000000000001
0x00000037d9dfea58:   000001b4850a9900 000001b485121da0
0x00000037d9dfea68:   00007ffb15bbdb3c 000001b48d1d2d01
0x00000037d9dfea78:   000001b485121da0 000001b4858ce770
0x00000037d9dfea88:   3f8000003f800000 0000000000000001
0x00000037d9dfea98:   0000000000000000 3f8000000000002d
0x00000037d9dfeaa8:   3f8000003f800000 0000000000000010
0x00000037d9dfeab8:   000001b400000001 0000000000000000
0x00000037d9dfeac8:   0000000000000000 000001b40000012c
0x00000037d9dfead8:   0000000000000000 0000003700000000 

Instructions: (pc=0x00007ffb163a11ec)
0x00007ffb163a10ec:   89 08 66 44 89 40 04 44 88 48 06 c3 4c 8b 02 8b
0x00007ffb163a10fc:   4a 08 44 0f b7 4a 0c 4c 89 00 89 48 08 66 44 89
0x00007ffb163a110c:   48 0c c3 0f b7 0a 44 0f b6 42 02 66 89 08 44 88
0x00007ffb163a111c:   40 02 c3 90 4c 8b 02 8b 4a 08 44 0f b6 4a 0c 4c
0x00007ffb163a112c:   89 00 89 48 08 44 88 48 0c c3 4c 8b 02 0f b7 4a
0x00007ffb163a113c:   08 4c 89 00 66 89 48 08 c3 4c 8b 02 0f b6 4a 08
0x00007ffb163a114c:   4c 89 00 88 48 08 c3 4c 8b 02 8b 4a 08 4c 89 00
0x00007ffb163a115c:   89 48 08 c3 8b 0a 44 0f b7 42 04 89 08 66 44 89
0x00007ffb163a116c:   40 04 c3 8b 0a 44 0f b6 42 04 89 08 44 88 40 04
0x00007ffb163a117c:   c3 48 8b 0a 48 89 08 c3 0f b6 0a 88 08 c3 8b 0a
0x00007ffb163a118c:   89 08 c3 90 49 83 f8 20 77 17 f3 0f 6f 0a f3 42
0x00007ffb163a119c:   0f 6f 54 02 f0 f3 0f 7f 09 f3 42 0f 7f 54 01 f0
0x00007ffb163a11ac:   c3 48 3b d1 73 0e 4e 8d 0c 02 49 3b c9 0f 82 41
0x00007ffb163a11bc:   04 00 00 90 83 3d 39 74 e2 00 03 0f 82 e3 02 00
0x00007ffb163a11cc:   00 49 81 f8 00 20 00 00 76 16 49 81 f8 00 00 18
0x00007ffb163a11dc:   00 77 0d f6 05 c2 f7 fe 00 02 0f 85 64 fe ff ff
0x00007ffb163a11ec:   c5 fe 6f 02 c4 a1 7e 6f 6c 02 e0 49 81 f8 00 01
0x00007ffb163a11fc:   00 00 0f 86 c4 00 00 00 4c 8b c9 49 83 e1 1f 49
0x00007ffb163a120c:   83 e9 20 49 2b c9 49 2b d1 4d 03 c1 49 81 f8 00
0x00007ffb163a121c:   01 00 00 0f 86 a3 00 00 00 49 81 f8 00 00 18 00
0x00007ffb163a122c:   0f 87 3e 01 00 00 66 66 66 66 66 66 0f 1f 84 00
0x00007ffb163a123c:   00 00 00 00 c5 fe 6f 0a c5 fe 6f 52 20 c5 fe 6f
0x00007ffb163a124c:   5a 40 c5 fe 6f 62 60 c5 fd 7f 09 c5 fd 7f 51 20
0x00007ffb163a125c:   c5 fd 7f 59 40 c5 fd 7f 61 60 c5 fe 6f 8a 80 00
0x00007ffb163a126c:   00 00 c5 fe 6f 92 a0 00 00 00 c5 fe 6f 9a c0 00
0x00007ffb163a127c:   00 00 c5 fe 6f a2 e0 00 00 00 c5 fd 7f 89 80 00
0x00007ffb163a128c:   00 00 c5 fd 7f 91 a0 00 00 00 c5 fd 7f 99 c0 00
0x00007ffb163a129c:   00 00 c5 fd 7f a1 e0 00 00 00 48 81 c1 00 01 00
0x00007ffb163a12ac:   00 48 81 c2 00 01 00 00 49 81 e8 00 01 00 00 49
0x00007ffb163a12bc:   81 f8 00 01 00 00 0f 83 78 ff ff ff 4d 8d 48 1f
0x00007ffb163a12cc:   49 83 e1 e0 4d 8b d9 49 c1 eb 05 47 8b 9c 9a 40
0x00007ffb163a12dc:   90 d7 02 4d 03 da 41 ff e3 c4 a1 7e 6f 8c 0a 00 


Stack slot to memory mapping:
stack at sp + 0 slots: 0x00007ffb15c33020 atio6axx.dll
stack at sp + 1 slots: 0x000001b4e04c0000 points into unknown readable memory: 0x0000000000000000 | 00 00 00 00 00 00 00 00
stack at sp + 2 slots: 0x000000000000000f is an unknown value
stack at sp + 3 slots: 0x000001b4850a9900 points into unknown readable memory: 0x00007ffb16fe6cf0 | f0 6c fe 16 fb 7f 00 00
stack at sp + 4 slots: 0x000001b48514aa88 points into unknown readable memory: 0x0000000000000000 | 00 00 00 00 00 00 00 00
stack at sp + 5 slots: 0x00007ffb17290634 atio6axx.dll
stack at sp + 6 slots: 0x000000000000057c is an unknown value
stack at sp + 7 slots: 0x000001b48534a610 points into unknown readable memory: 0x0000000100000200 | 00 02 00 00 01 00 00 00


---------------  P R O C E S S  ---------------

Threads class SMR info:
_java_thread_list=0x000001b48d0faaf0, length=12, elements={
0x000001b4e082b000, 0x000001b4ffd69800, 0x000001b4ffd6a800, 0x000001b4ffda9800,
0x000001b4ffdab800, 0x000001b4ffdac800, 0x000001b4ffdae000, 0x000001b482844800,
0x000001b482845800, 0x000001b4ffd26800, 0x000001b482a0a800, 0x000001b48d18b800
}

Java Threads: ( => current thread )
=>0x000001b4e082b000 JavaThread "main" [_thread_in_native, id=7160, stack(0x00000037d9d00000,0x00000037d9e00000)]
  0x000001b4ffd69800 JavaThread "Reference Handler" daemon [_thread_blocked, id=2436, stack(0x00000037da400000,0x00000037da500000)]
  0x000001b4ffd6a800 JavaThread "Finalizer" daemon [_thread_blocked, id=14904, stack(0x00000037da500000,0x00000037da600000)]
  0x000001b4ffda9800 JavaThread "Signal Dispatcher" daemon [_thread_blocked, id=8232, stack(0x00000037da600000,0x00000037da700000)]
  0x000001b4ffdab800 JavaThread "Attach Listener" daemon [_thread_blocked, id=3920, stack(0x00000037da700000,0x00000037da800000)]
  0x000001b4ffdac800 JavaThread "Service Thread" daemon [_thread_blocked, id=11580, stack(0x00000037da800000,0x00000037da900000)]
  0x000001b4ffdae000 JavaThread "C2 CompilerThread0" daemon [_thread_blocked, id=15500, stack(0x00000037da900000,0x00000037daa00000)]
  0x000001b482844800 JavaThread "C1 CompilerThread0" daemon [_thread_blocked, id=16340, stack(0x00000037daa00000,0x00000037dab00000)]
  0x000001b482845800 JavaThread "Sweeper thread" daemon [_thread_blocked, id=10392, stack(0x00000037dab00000,0x00000037dac00000)]
  0x000001b4ffd26800 JavaThread "C1 CompilerThread1" daemon [_thread_blocked, id=15824, stack(0x00000037dac00000,0x00000037dad00000)]
  0x000001b482a0a800 JavaThread "Common-Cleaner" daemon [_thread_blocked, id=15804, stack(0x00000037dae00000,0x00000037daf00000)]
  0x000001b48d18b800 JavaThread "Java2D Disposer" daemon [_thread_blocked, id=9404, stack(0x00000037db400000,0x00000037db500000)]

Other Threads:
  0x000001b4ffd68000 VMThread "VM Thread" [stack: 0x00000037da300000,0x00000037da400000] [id=8848]
  0x000001b482a04800 WatcherThread [stack: 0x00000037dad00000,0x00000037dae00000] [id=15072]
  0x000001b4e0843000 GCTaskThread "GC Thread#0" [stack: 0x00000037d9e00000,0x00000037d9f00000] [id=15704]
  0x000001b4e0872800 ConcurrentGCThread "G1 Main Marker" [stack: 0x00000037d9f00000,0x00000037da000000] [id=14632]
  0x000001b4e0875000 ConcurrentGCThread "G1 Conc#0" [stack: 0x00000037da000000,0x00000037da100000] [id=15244]
  0x000001b4ffbce800 ConcurrentGCThread "G1 Refine#0" [stack: 0x00000037da100000,0x00000037da200000] [id=4436]
  0x000001b4ffbcf000 ConcurrentGCThread "G1 Young RemSet Sampling" [stack: 0x00000037da200000,0x00000037da300000] [id=15464]

Threads with active compile tasks:

VM state:not at safepoint (normal execution)

VM Mutex/Monitor currently owned by a thread: None

Heap address: 0x000000008a600000, size: 1882 MB, Compressed Oops mode: 32-bit
Narrow klass base: 0x0000000000000000, Narrow klass shift: 3
Compressed class space size: 1073741824 Address: 0x0000000100000000

Heap:
 garbage-first heap   total 120832K, used 17408K [0x000000008a600000, 0x0000000100000000)
  region size 1024K, 15 young (15360K), 0 survivors (0K)
 Metaspace       used 13163K, capacity 13371K, committed 13440K, reserved 1060864K
  class space    used 1066K, capacity 1151K, committed 1152K, reserved 1048576K
Heap Regions: E=young(eden), S=young(survivor), O=old, HS=humongous(starts), HC=humongous(continues), CS=collection set, F=free, A=archive, TAMS=top-at-mark-start (previous, next)
|   0|0x000000008a600000, 0x000000008a700000, 0x000000008a700000|100%|HS|  |TAMS 0x000000008a600000, 0x000000008a600000| Complete 
|   1|0x000000008a700000, 0x000000008a800000, 0x000000008a800000|100%|HS|  |TAMS 0x000000008a700000, 0x000000008a700000| Complete 
|   2|0x000000008a800000, 0x000000008a900000, 0x000000008a900000|100%|HS|  |TAMS 0x000000008a800000, 0x000000008a800000| Complete 
|   3|0x000000008a900000, 0x000000008aa00000, 0x000000008aa00000|100%|HC|  |TAMS 0x000000008a900000, 0x000000008a900000| Complete 
|   4|0x000000008aa00000, 0x000000008aa00000, 0x000000008ab00000|  0%| F|  |TAMS 0x000000008aa00000, 0x000000008aa00000| Untracked 
|   5|0x000000008ab00000, 0x000000008ab00000, 0x000000008ac00000|  0%| F|  |TAMS 0x000000008ab00000, 0x000000008ab00000| Untracked 
|   6|0x000000008ac00000, 0x000000008ac00000, 0x000000008ad00000|  0%| F|  |TAMS 0x000000008ac00000, 0x000000008ac00000| Untracked 
|   7|0x000000008ad00000, 0x000000008ad00000, 0x000000008ae00000|  0%| F|  |TAMS 0x000000008ad00000, 0x000000008ad00000| Untracked 
|   8|0x000000008ae00000, 0x000000008ae00000, 0x000000008af00000|  0%| F|  |TAMS 0x000000008ae00000, 0x000000008ae00000| Untracked 
|   9|0x000000008af00000, 0x000000008af00000, 0x000000008b000000|  0%| F|  |TAMS 0x000000008af00000, 0x000000008af00000| Untracked 
|  10|0x000000008b000000, 0x000000008b000000, 0x000000008b100000|  0%| F|  |TAMS 0x000000008b000000, 0x000000008b000000| Untracked 
|  11|0x000000008b100000, 0x000000008b100000, 0x000000008b200000|  0%| F|  |TAMS 0x000000008b100000, 0x000000008b100000| Untracked 
|  12|0x000000008b200000, 0x000000008b200000, 0x000000008b300000|  0%| F|  |TAMS 0x000000008b200000, 0x000000008b200000| Untracked 
|  13|0x000000008b300000, 0x000000008b300000, 0x000000008b400000|  0%| F|  |TAMS 0x000000008b300000, 0x000000008b300000| Untracked 
|  14|0x000000008b400000, 0x000000008b400000, 0x000000008b500000|  0%| F|  |TAMS 0x000000008b400000, 0x000000008b400000| Untracked 
|  15|0x000000008b500000, 0x000000008b500000, 0x000000008b600000|  0%| F|  |TAMS 0x000000008b500000, 0x000000008b500000| Untracked 
|  16|0x000000008b600000, 0x000000008b600000, 0x000000008b700000|  0%| F|  |TAMS 0x000000008b600000, 0x000000008b600000| Untracked 
|  17|0x000000008b700000, 0x000000008b700000, 0x000000008b800000|  0%| F|  |TAMS 0x000000008b700000, 0x000000008b700000| Untracked 
|  18|0x000000008b800000, 0x000000008b800000, 0x000000008b900000|  0%| F|  |TAMS 0x000000008b800000, 0x000000008b800000| Untracked 
|  19|0x000000008b900000, 0x000000008b900000, 0x000000008ba00000|  0%| F|  |TAMS 0x000000008b900000, 0x000000008b900000| Untracked 
|  20|0x000000008ba00000, 0x000000008ba00000, 0x000000008bb00000|  0%| F|  |TAMS 0x000000008ba00000, 0x000000008ba00000| Untracked 
|  21|0x000000008bb00000, 0x000000008bb00000, 0x000000008bc00000|  0%| F|  |TAMS 0x000000008bb00000, 0x000000008bb00000| Untracked 
|  22|0x000000008bc00000, 0x000000008bc00000, 0x000000008bd00000|  0%| F|  |TAMS 0x000000008bc00000, 0x000000008bc00000| Untracked 
|  23|0x000000008bd00000, 0x000000008bd00000, 0x000000008be00000|  0%| F|  |TAMS 0x000000008bd00000, 0x000000008bd00000| Untracked 
|  24|0x000000008be00000, 0x000000008be00000, 0x000000008bf00000|  0%| F|  |TAMS 0x000000008be00000, 0x000000008be00000| Untracked 
|  25|0x000000008bf00000, 0x000000008bf00000, 0x000000008c000000|  0%| F|  |TAMS 0x000000008bf00000, 0x000000008bf00000| Untracked 
|  26|0x000000008c000000, 0x000000008c000000, 0x000000008c100000|  0%| F|  |TAMS 0x000000008c000000, 0x000000008c000000| Untracked 
|  27|0x000000008c100000, 0x000000008c100000, 0x000000008c200000|  0%| F|  |TAMS 0x000000008c100000, 0x000000008c100000| Untracked 
|  28|0x000000008c200000, 0x000000008c200000, 0x000000008c300000|  0%| F|  |TAMS 0x000000008c200000, 0x000000008c200000| Untracked 
|  29|0x000000008c300000, 0x000000008c300000, 0x000000008c400000|  0%| F|  |TAMS 0x000000008c300000, 0x000000008c300000| Untracked 
|  30|0x000000008c400000, 0x000000008c400000, 0x000000008c500000|  0%| F|  |TAMS 0x000000008c400000, 0x000000008c400000| Untracked 
|  31|0x000000008c500000, 0x000000008c500000, 0x000000008c600000|  0%| F|  |TAMS 0x000000008c500000, 0x000000008c500000| Untracked 
|  32|0x000000008c600000, 0x000000008c600000, 0x000000008c700000|  0%| F|  |TAMS 0x000000008c600000, 0x000000008c600000| Untracked 
|  33|0x000000008c700000, 0x000000008c700000, 0x000000008c800000|  0%| F|  |TAMS 0x000000008c700000, 0x000000008c700000| Untracked 
|  34|0x000000008c800000, 0x000000008c800000, 0x000000008c900000|  0%| F|  |TAMS 0x000000008c800000, 0x000000008c800000| Untracked 
|  35|0x000000008c900000, 0x000000008c900000, 0x000000008ca00000|  0%| F|  |TAMS 0x000000008c900000, 0x000000008c900000| Untracked 
|  36|0x000000008ca00000, 0x000000008ca00000, 0x000000008cb00000|  0%| F|  |TAMS 0x000000008ca00000, 0x000000008ca00000| Untracked 
|  37|0x000000008cb00000, 0x000000008cb00000, 0x000000008cc00000|  0%| F|  |TAMS 0x000000008cb00000, 0x000000008cb00000| Untracked 
|  38|0x000000008cc00000, 0x000000008cc00000, 0x000000008cd00000|  0%| F|  |TAMS 0x000000008cc00000, 0x000000008cc00000| Untracked 
|  39|0x000000008cd00000, 0x000000008cd00000, 0x000000008ce00000|  0%| F|  |TAMS 0x000000008cd00000, 0x000000008cd00000| Untracked 
|  40|0x000000008ce00000, 0x000000008ce00000, 0x000000008cf00000|  0%| F|  |TAMS 0x000000008ce00000, 0x000000008ce00000| Untracked 
|  41|0x000000008cf00000, 0x000000008cf00000, 0x000000008d000000|  0%| F|  |TAMS 0x000000008cf00000, 0x000000008cf00000| Untracked 
|  42|0x000000008d000000, 0x000000008d000000, 0x000000008d100000|  0%| F|  |TAMS 0x000000008d000000, 0x000000008d000000| Untracked 
|  43|0x000000008d100000, 0x000000008d100000, 0x000000008d200000|  0%| F|  |TAMS 0x000000008d100000, 0x000000008d100000| Untracked 
|  44|0x000000008d200000, 0x000000008d200000, 0x000000008d300000|  0%| F|  |TAMS 0x000000008d200000, 0x000000008d200000| Untracked 
|  45|0x000000008d300000, 0x000000008d300000, 0x000000008d400000|  0%| F|  |TAMS 0x000000008d300000, 0x000000008d300000| Untracked 
|  46|0x000000008d400000, 0x000000008d400000, 0x000000008d500000|  0%| F|  |TAMS 0x000000008d400000, 0x000000008d400000| Untracked 
|  47|0x000000008d500000, 0x000000008d500000, 0x000000008d600000|  0%| F|  |TAMS 0x000000008d500000, 0x000000008d500000| Untracked 
|  48|0x000000008d600000, 0x000000008d600000, 0x000000008d700000|  0%| F|  |TAMS 0x000000008d600000, 0x000000008d600000| Untracked 
|  49|0x000000008d700000, 0x000000008d700000, 0x000000008d800000|  0%| F|  |TAMS 0x000000008d700000, 0x000000008d700000| Untracked 
|  50|0x000000008d800000, 0x000000008d800000, 0x000000008d900000|  0%| F|  |TAMS 0x000000008d800000, 0x000000008d800000| Untracked 
|  51|0x000000008d900000, 0x000000008d900000, 0x000000008da00000|  0%| F|  |TAMS 0x000000008d900000, 0x000000008d900000| Untracked 
|  52|0x000000008da00000, 0x000000008da00000, 0x000000008db00000|  0%| F|  |TAMS 0x000000008da00000, 0x000000008da00000| Untracked 
|  53|0x000000008db00000, 0x000000008db00000, 0x000000008dc00000|  0%| F|  |TAMS 0x000000008db00000, 0x000000008db00000| Untracked 
|  54|0x000000008dc00000, 0x000000008dc00000, 0x000000008dd00000|  0%| F|  |TAMS 0x000000008dc00000, 0x000000008dc00000| Untracked 
|  55|0x000000008dd00000, 0x000000008dd00000, 0x000000008de00000|  0%| F|  |TAMS 0x000000008dd00000, 0x000000008dd00000| Untracked 
|  56|0x000000008de00000, 0x000000008de00000, 0x000000008df00000|  0%| F|  |TAMS 0x000000008de00000, 0x000000008de00000| Untracked 
|  57|0x000000008df00000, 0x000000008df00000, 0x000000008e000000|  0%| F|  |TAMS 0x000000008df00000, 0x000000008df00000| Untracked 
|  58|0x000000008e000000, 0x000000008e000000, 0x000000008e100000|  0%| F|  |TAMS 0x000000008e000000, 0x000000008e000000| Untracked 
|  59|0x000000008e100000, 0x000000008e100000, 0x000000008e200000|  0%| F|  |TAMS 0x000000008e100000, 0x000000008e100000| Untracked 
|  60|0x000000008e200000, 0x000000008e200000, 0x000000008e300000|  0%| F|  |TAMS 0x000000008e200000, 0x000000008e200000| Untracked 
|  61|0x000000008e300000, 0x000000008e300000, 0x000000008e400000|  0%| F|  |TAMS 0x000000008e300000, 0x000000008e300000| Untracked 
|  62|0x000000008e400000, 0x000000008e400000, 0x000000008e500000|  0%| F|  |TAMS 0x000000008e400000, 0x000000008e400000| Untracked 
|  63|0x000000008e500000, 0x000000008e500000, 0x000000008e600000|  0%| F|  |TAMS 0x000000008e500000, 0x000000008e500000| Untracked 
|  64|0x000000008e600000, 0x000000008e600000, 0x000000008e700000|  0%| F|  |TAMS 0x000000008e600000, 0x000000008e600000| Untracked 
|  65|0x000000008e700000, 0x000000008e700000, 0x000000008e800000|  0%| F|  |TAMS 0x000000008e700000, 0x000000008e700000| Untracked 
|  66|0x000000008e800000, 0x000000008e800000, 0x000000008e900000|  0%| F|  |TAMS 0x000000008e800000, 0x000000008e800000| Untracked 
|  67|0x000000008e900000, 0x000000008e900000, 0x000000008ea00000|  0%| F|  |TAMS 0x000000008e900000, 0x000000008e900000| Untracked 
|  68|0x000000008ea00000, 0x000000008ea00000, 0x000000008eb00000|  0%| F|  |TAMS 0x000000008ea00000, 0x000000008ea00000| Untracked 
|  69|0x000000008eb00000, 0x000000008eb00000, 0x000000008ec00000|  0%| F|  |TAMS 0x000000008eb00000, 0x000000008eb00000| Untracked 
|  70|0x000000008ec00000, 0x000000008ec00000, 0x000000008ed00000|  0%| F|  |TAMS 0x000000008ec00000, 0x000000008ec00000| Untracked 
|  71|0x000000008ed00000, 0x000000008ed00000, 0x000000008ee00000|  0%| F|  |TAMS 0x000000008ed00000, 0x000000008ed00000| Untracked 
|  72|0x000000008ee00000, 0x000000008ee00000, 0x000000008ef00000|  0%| F|  |TAMS 0x000000008ee00000, 0x000000008ee00000| Untracked 
|  73|0x000000008ef00000, 0x000000008ef00000, 0x000000008f000000|  0%| F|  |TAMS 0x000000008ef00000, 0x000000008ef00000| Untracked 
|  74|0x000000008f000000, 0x000000008f000000, 0x000000008f100000|  0%| F|  |TAMS 0x000000008f000000, 0x000000008f000000| Untracked 
|  75|0x000000008f100000, 0x000000008f100000, 0x000000008f200000|  0%| F|  |TAMS 0x000000008f100000, 0x000000008f100000| Untracked 
|  76|0x000000008f200000, 0x000000008f200000, 0x000000008f300000|  0%| F|  |TAMS 0x000000008f200000, 0x000000008f200000| Untracked 
|  77|0x000000008f300000, 0x000000008f300000, 0x000000008f400000|  0%| F|  |TAMS 0x000000008f300000, 0x000000008f300000| Untracked 
|  78|0x000000008f400000, 0x000000008f400000, 0x000000008f500000|  0%| F|  |TAMS 0x000000008f400000, 0x000000008f400000| Untracked 
|  79|0x000000008f500000, 0x000000008f500000, 0x000000008f600000|  0%| F|  |TAMS 0x000000008f500000, 0x000000008f500000| Untracked 
|  80|0x000000008f600000, 0x000000008f600000, 0x000000008f700000|  0%| F|  |TAMS 0x000000008f600000, 0x000000008f600000| Untracked 
|  81|0x000000008f700000, 0x000000008f700000, 0x000000008f800000|  0%| F|  |TAMS 0x000000008f700000, 0x000000008f700000| Untracked 
|  82|0x000000008f800000, 0x000000008f800000, 0x000000008f900000|  0%| F|  |TAMS 0x000000008f800000, 0x000000008f800000| Untracked 
|  83|0x000000008f900000, 0x000000008f900000, 0x000000008fa00000|  0%| F|  |TAMS 0x000000008f900000, 0x000000008f900000| Untracked 
|  84|0x000000008fa00000, 0x000000008fa00000, 0x000000008fb00000|  0%| F|  |TAMS 0x000000008fa00000, 0x000000008fa00000| Untracked 
|  85|0x000000008fb00000, 0x000000008fb00000, 0x000000008fc00000|  0%| F|  |TAMS 0x000000008fb00000, 0x000000008fb00000| Untracked 
|  86|0x000000008fc00000, 0x000000008fc00000, 0x000000008fd00000|  0%| F|  |TAMS 0x000000008fc00000, 0x000000008fc00000| Untracked 
|  87|0x000000008fd00000, 0x000000008fd00000, 0x000000008fe00000|  0%| F|  |TAMS 0x000000008fd00000, 0x000000008fd00000| Untracked 
|  88|0x000000008fe00000, 0x000000008fe00000, 0x000000008ff00000|  0%| F|  |TAMS 0x000000008fe00000, 0x000000008fe00000| Untracked 
|  89|0x000000008ff00000, 0x000000008ff00000, 0x0000000090000000|  0%| F|  |TAMS 0x000000008ff00000, 0x000000008ff00000| Untracked 
|  90|0x0000000090000000, 0x0000000090000000, 0x0000000090100000|  0%| F|  |TAMS 0x0000000090000000, 0x0000000090000000| Untracked 
|  91|0x0000000090100000, 0x0000000090100000, 0x0000000090200000|  0%| F|  |TAMS 0x0000000090100000, 0x0000000090100000| Untracked 
|  92|0x0000000090200000, 0x0000000090200000, 0x0000000090300000|  0%| F|  |TAMS 0x0000000090200000, 0x0000000090200000| Untracked 
|  93|0x0000000090300000, 0x0000000090300000, 0x0000000090400000|  0%| F|  |TAMS 0x0000000090300000, 0x0000000090300000| Untracked 
|  94|0x0000000090400000, 0x0000000090400000, 0x0000000090500000|  0%| F|  |TAMS 0x0000000090400000, 0x0000000090400000| Untracked 
|  95|0x0000000090500000, 0x0000000090500000, 0x0000000090600000|  0%| F|  |TAMS 0x0000000090500000, 0x0000000090500000| Untracked 
|  96|0x0000000090600000, 0x0000000090600000, 0x0000000090700000|  0%| F|  |TAMS 0x0000000090600000, 0x0000000090600000| Untracked 
|  97|0x0000000090700000, 0x0000000090700000, 0x0000000090800000|  0%| F|  |TAMS 0x0000000090700000, 0x0000000090700000| Untracked 
|  98|0x0000000090800000, 0x0000000090800000, 0x0000000090900000|  0%| F|  |TAMS 0x0000000090800000, 0x0000000090800000| Untracked 
|  99|0x0000000090900000, 0x0000000090900000, 0x0000000090a00000|  0%| F|  |TAMS 0x0000000090900000, 0x0000000090900000| Untracked 
| 100|0x0000000090a00000, 0x0000000090a00000, 0x0000000090b00000|  0%| F|  |TAMS 0x0000000090a00000, 0x0000000090a00000| Untracked 
| 101|0x0000000090b00000, 0x0000000090b00000, 0x0000000090c00000|  0%| F|  |TAMS 0x0000000090b00000, 0x0000000090b00000| Untracked 
| 102|0x0000000090c00000, 0x0000000090c00000, 0x0000000090d00000|  0%| F|  |TAMS 0x0000000090c00000, 0x0000000090c00000| Untracked 
| 103|0x0000000090d00000, 0x0000000090d10010, 0x0000000090e00000|  6%| E|  |TAMS 0x0000000090d00000, 0x0000000090d00000| Complete 
| 104|0x0000000090e00000, 0x0000000090ef7ac0, 0x0000000090f00000| 96%| E|  |TAMS 0x0000000090e00000, 0x0000000090e00000| Complete 
| 105|0x0000000090f00000, 0x0000000091000000, 0x0000000091000000|100%| E|CS|TAMS 0x0000000090f00000, 0x0000000090f00000| Complete 
| 106|0x0000000091000000, 0x0000000091100000, 0x0000000091100000|100%| E|CS|TAMS 0x0000000091000000, 0x0000000091000000| Complete 
| 107|0x0000000091100000, 0x0000000091200000, 0x0000000091200000|100%| E|CS|TAMS 0x0000000091100000, 0x0000000091100000| Complete 
| 108|0x0000000091200000, 0x0000000091300000, 0x0000000091300000|100%| E|CS|TAMS 0x0000000091200000, 0x0000000091200000| Complete 
| 109|0x0000000091300000, 0x0000000091400000, 0x0000000091400000|100%| E|CS|TAMS 0x0000000091300000, 0x0000000091300000| Complete 
| 110|0x0000000091400000, 0x0000000091500000, 0x0000000091500000|100%| E|CS|TAMS 0x0000000091400000, 0x0000000091400000| Complete 
| 111|0x0000000091500000, 0x0000000091600000, 0x0000000091600000|100%| E|CS|TAMS 0x0000000091500000, 0x0000000091500000| Complete 
| 112|0x0000000091600000, 0x0000000091700000, 0x0000000091700000|100%| E|CS|TAMS 0x0000000091600000, 0x0000000091600000| Complete 
| 113|0x0000000091700000, 0x0000000091800000, 0x0000000091800000|100%| E|CS|TAMS 0x0000000091700000, 0x0000000091700000| Complete 
| 114|0x0000000091800000, 0x0000000091900000, 0x0000000091900000|100%| E|CS|TAMS 0x0000000091800000, 0x0000000091800000| Complete 
| 115|0x0000000091900000, 0x0000000091a00000, 0x0000000091a00000|100%| E|CS|TAMS 0x0000000091900000, 0x0000000091900000| Complete 
| 116|0x0000000091a00000, 0x0000000091b00000, 0x0000000091b00000|100%| E|CS|TAMS 0x0000000091a00000, 0x0000000091a00000| Complete 
| 117|0x0000000091b00000, 0x0000000091c00000, 0x0000000091c00000|100%| E|CS|TAMS 0x0000000091b00000, 0x0000000091b00000| Complete 

Card table byte_map: [0x000001b4faae0000,0x000001b4fae90000] _byte_map_base: 0x000001b4fa68d000

Marking Bits (Prev, Next): (CMBitMap*) 0x000001b4e086a7e8, (CMBitMap*) 0x000001b4e086a820
 Prev Bits: [0x000001b4fb240000, 0x000001b4fcfa8000)
 Next Bits: [0x000001b4fcfb0000, 0x000001b4fed18000)

Polling page: 0x000001b4e0910000

Metaspace:

Usage:
  Non-class:     11.93 MB capacity,    11.81 MB ( 99%) used,   100.73 KB ( <1%) free+waste,    22.38 KB ( <1%) overhead. 
      Class:      1.12 MB capacity,     1.04 MB ( 93%) used,    74.27 KB (  6%) free+waste,    10.56 KB ( <1%) overhead. 
       Both:     13.06 MB capacity,    12.85 MB ( 98%) used,   175.00 KB (  1%) free+waste,    32.94 KB ( <1%) overhead. 

Virtual space:
  Non-class space:       12.00 MB reserved,      12.00 MB (100%) committed 
      Class space:        1.00 GB reserved,       1.13 MB ( <1%) committed 
             Both:        1.01 GB reserved,      13.13 MB (  1%) committed 

Chunk freelists:
   Non-Class:  4.00 KB
       Class:  1.00 KB
        Both:  5.00 KB

MaxMetaspaceSize: 17179869184.00 GB
CompressedClassSpaceSize: 1.00 GB
Initial GC threshold: 20.80 MB
Current GC threshold: 20.80 MB
CDS: off

CodeHeap 'non-profiled nmethods': size=119168Kb used=282Kb max_used=282Kb free=118885Kb
 bounds [0x000001b4f2310000, 0x000001b4f2580000, 0x000001b4f9770000]
CodeHeap 'profiled nmethods': size=119168Kb used=1405Kb max_used=1405Kb free=117762Kb
 bounds [0x000001b4eaeb0000, 0x000001b4eb120000, 0x000001b4f2310000]
CodeHeap 'non-nmethods': size=7424Kb used=2161Kb max_used=2175Kb free=5262Kb
 bounds [0x000001b4ea770000, 0x000001b4ea9e0000, 0x000001b4eaeb0000]
 total_blobs=1908 nmethods=908 adapters=912
 compilation: enabled
              stopped_count=0, restarted_count=0
 full_count=0

Compilation events (20 events):
Event: 0.994 Thread 0x000001b482844800  900       3       sun.awt.image.ByteComponentRaster::<init> (312 bytes)
Event: 0.995 Thread 0x000001b4ffd26800 nmethod 899 0x000001b4eb005e10 code [0x000001b4eb006140, 0x000001b4eb0077b8]
Event: 0.995 Thread 0x000001b4ffd26800  901       3       java.awt.image.PixelInterleavedSampleModel::createSubsetSampleModel (59 bytes)
Event: 0.995 Thread 0x000001b4ffd26800 nmethod 901 0x000001b4eb007f10 code [0x000001b4eb0080e0, 0x000001b4eb008448]
Event: 0.995 Thread 0x000001b4ffd26800  902       3       java.awt.Point::<init> (15 bytes)
Event: 0.995 Thread 0x000001b4ffd26800 nmethod 902 0x000001b4eb008610 code [0x000001b4eb0087c0, 0x000001b4eb008978]
Event: 0.995 Thread 0x000001b482844800 nmethod 900 0x000001b4eb008a90 code [0x000001b4eb008da0, 0x000001b4eb00a188]
Event: 0.995 Thread 0x000001b482844800  904   !   3       com.sun.imageio.plugins.jpeg.JPEGImageWriter::grabPixels (316 bytes)
Event: 0.995 Thread 0x000001b4ffd26800  903       3       java.awt.geom.Point2D::<init> (5 bytes)
Event: 0.996 Thread 0x000001b4ffd26800 nmethod 903 0x000001b4eb00a990 code [0x000001b4eb00ab40, 0x000001b4eb00ac98]
Event: 0.996 Thread 0x000001b4ffd26800  905       3       sun.awt.image.ByteInterleavedRaster::createChild (20 bytes)
Event: 0.996 Thread 0x000001b4ffd26800 nmethod 905 0x000001b4eb00ad90 code [0x000001b4eb00af40, 0x000001b4eb00b088]
Event: 0.996 Thread 0x000001b4ffd26800  906       3       sun.awt.image.ByteInterleavedRaster::createWritableChild (192 bytes)
Event: 0.996 Thread 0x000001b482844800 nmethod 904 0x000001b4eb00b190 code [0x000001b4eb00b500, 0x000001b4eb00cbd8]
Event: 0.996 Thread 0x000001b482844800  907       3       java.awt.image.WritableRaster::setRect (8 bytes)
Event: 0.996 Thread 0x000001b482844800 nmethod 907 0x000001b4eb00d290 code [0x000001b4eb00d440, 0x000001b4eb00d608]
Event: 0.996 Thread 0x000001b4ffd26800 nmethod 906 0x000001b4eb00d690 code [0x000001b4eb00d920, 0x000001b4eb00e4d8]
Event: 0.997 Thread 0x000001b4ffdae000 nmethod 890 0x000001b4f2355910 code [0x000001b4f2355ae0, 0x000001b4f2356338]
Event: 0.998 Thread 0x000001b482844800  908       3       java.awt.image.Raster::<init> (207 bytes)
Event: 0.998 Thread 0x000001b482844800 nmethod 908 0x000001b4eb00e910 code [0x000001b4eb00eb60, 0x000001b4eb00f3d8]

GC Heap History (0 events):
No events

Deoptimization events (20 events):
Event: 0.994 Thread 0x000001b4e082b000 DEOPT PACKING pc=0x000001b4eaffda58 sp=0x00000037d9dfe250
Event: 0.994 Thread 0x000001b4e082b000 DEOPT UNPACKING pc=0x000001b4ea7ba95e sp=0x00000037d9dfd708 mode 0
Event: 0.995 Thread 0x000001b4e082b000 DEOPT PACKING pc=0x000001b4eaffda58 sp=0x00000037d9dfe250
Event: 0.995 Thread 0x000001b4e082b000 DEOPT UNPACKING pc=0x000001b4ea7ba95e sp=0x00000037d9dfd708 mode 0
Event: 0.995 Thread 0x000001b4e082b000 DEOPT PACKING pc=0x000001b4eaffda58 sp=0x00000037d9dfe250
Event: 0.995 Thread 0x000001b4e082b000 DEOPT UNPACKING pc=0x000001b4ea7ba95e sp=0x00000037d9dfd708 mode 0
Event: 0.995 Thread 0x000001b4e082b000 DEOPT PACKING pc=0x000001b4eaffda58 sp=0x00000037d9dfe250
Event: 0.995 Thread 0x000001b4e082b000 DEOPT UNPACKING pc=0x000001b4ea7ba95e sp=0x00000037d9dfd708 mode 0
Event: 0.995 Thread 0x000001b4e082b000 DEOPT PACKING pc=0x000001b4eaffda58 sp=0x00000037d9dfe250
Event: 0.995 Thread 0x000001b4e082b000 DEOPT UNPACKING pc=0x000001b4ea7ba95e sp=0x00000037d9dfd708 mode 0
Event: 0.996 Thread 0x000001b4e082b000 DEOPT PACKING pc=0x000001b4eaffda58 sp=0x00000037d9dfe250
Event: 0.996 Thread 0x000001b4e082b000 DEOPT UNPACKING pc=0x000001b4ea7ba95e sp=0x00000037d9dfd708 mode 0
Event: 0.996 Thread 0x000001b4e082b000 DEOPT PACKING pc=0x000001b4eaffda58 sp=0x00000037d9dfe250
Event: 0.996 Thread 0x000001b4e082b000 DEOPT UNPACKING pc=0x000001b4ea7ba95e sp=0x00000037d9dfd708 mode 0
Event: 0.996 Thread 0x000001b4e082b000 DEOPT PACKING pc=0x000001b4eaffda58 sp=0x00000037d9dfe250
Event: 0.996 Thread 0x000001b4e082b000 DEOPT UNPACKING pc=0x000001b4ea7ba95e sp=0x00000037d9dfd708 mode 0
Event: 0.996 Thread 0x000001b4e082b000 DEOPT PACKING pc=0x000001b4eaffda58 sp=0x00000037d9dfe240
Event: 0.996 Thread 0x000001b4e082b000 DEOPT UNPACKING pc=0x000001b4ea7ba95e sp=0x00000037d9dfd6f8 mode 0
Event: 0.997 Thread 0x000001b4e082b000 DEOPT PACKING pc=0x000001b4eaffda58 sp=0x00000037d9dfe240
Event: 0.997 Thread 0x000001b4e082b000 DEOPT UNPACKING pc=0x000001b4ea7ba95e sp=0x00000037d9dfd6f8 mode 0

Classes redefined (0 events):
No events

Internal exceptions (20 events):
Event: 0.176 Thread 0x000001b4e082b000 Exception <a 'java/lang/NoSuchMethodError'{0x00000000918c0030}: 'java.lang.Object java.lang.invoke.Invokers$Holder.linkToTargetMethod(java.lang.Object, long, java.lang.Object)'> (0x00000000918c0030) thrown at [./src/hotspot/share/interpreter/linkResolver.cpp, line 773]
Event: 0.177 Thread 0x000001b4e082b000 Exception <a 'java/lang/NoSuchMethodError'{0x00000000918c6368}: 'int java.lang.invoke.DirectMethodHandle$Holder.invokeStaticInit(java.lang.Object, java.lang.Object, java.lang.Object, long)'> (0x00000000918c6368) thrown at [./src/hotspot/share/interpreter/linkResolver.cpp, line 773]
Event: 0.598 Thread 0x000001b4e082b000 Exception <a 'sun/nio/fs/WindowsException'{0x0000000091754538}> (0x0000000091754538) thrown at [./src/hotspot/share/prims/jni.cpp, line 617]
Event: 0.598 Thread 0x000001b4e082b000 Exception <a 'sun/nio/fs/WindowsException'{0x00000000917548f0}> (0x00000000917548f0) thrown at [./src/hotspot/share/prims/jni.cpp, line 617]
Event: 0.600 Thread 0x000001b4e082b000 Exception <a 'sun/nio/fs/WindowsException'{0x000000009175e6a8}> (0x000000009175e6a8) thrown at [./src/hotspot/share/prims/jni.cpp, line 617]
Event: 0.600 Thread 0x000001b4e082b000 Exception <a 'sun/nio/fs/WindowsException'{0x000000009175e998}> (0x000000009175e998) thrown at [./src/hotspot/share/prims/jni.cpp, line 617]
Event: 0.604 Thread 0x000001b4e082b000 Exception <a 'sun/nio/fs/WindowsException'{0x000000009177bfa0}> (0x000000009177bfa0) thrown at [./src/hotspot/share/prims/jni.cpp, line 617]
Event: 0.604 Thread 0x000001b4e082b000 Exception <a 'sun/nio/fs/WindowsException'{0x000000009177c350}> (0x000000009177c350) thrown at [./src/hotspot/share/prims/jni.cpp, line 617]
Event: 0.751 Thread 0x000001b4e082b000 Exception <a 'java/lang/ClassNotFoundException'{0x00000000914f9390}: sun/awt/resources/spi/awtProvider> (0x00000000914f9390) thrown at [./src/hotspot/share/classfile/systemDictionary.cpp, line 230]
Event: 0.781 Thread 0x000001b4e082b000 Exception <a 'java/io/FileNotFoundException'{0x00000000913fab40}> (0x00000000913fab40) thrown at [./src/hotspot/share/prims/jni.cpp, line 617]
Event: 0.789 Thread 0x000001b4e082b000 Exception <a 'java/lang/NoSuchMethodError'{0x0000000091255bc8}: 'java.lang.Object java.lang.invoke.DirectMethodHandle$Holder.invokeStatic(java.lang.Object, java.lang.Object, java.lang.Object, java.lang.Object, java.lang.Object, java.lang.Object, java.lang.Object, java.lang.Object, java.lang.Object, java.lang.Object, java.lang.Object, java.lang.Object, java.lang.Object, java.lang.Object, java.lang.Object)'> (0x0000000091255bc8) thrown at [./src/hotspot/share/interpreter/linkResolver.cpp, line 773]
Event: 0.790 Thread 0x000001b4e082b000 Exception <a 'java/lang/NoSuchMethodError'{0x0000000091263778}: 'java.lang.Object java.lang.invoke.DirectMethodHandle$Holder.invokeStatic(java.lang.Object, java.lang.Object, java.lang.Object, java.lang.Object, java.lang.Object, java.lang.Object, java.lang.Object, java.lang.Object, java.lang.Object, java.lang.Object, java.lang.Object, java.lang.Object, java.lang.Object, java.lang.Object, java.lang.Object, java.lang.Object)'> (0x0000000091263778) thrown at [./src/hotspot/share/interpreter/linkResolver.cpp, l
Event: 0.792 Thread 0x000001b4e082b000 Exception <a 'java/lang/NoSuchMethodError'{0x00000000912714e8}: 'java.lang.Object java.lang.invoke.DirectMethodHandle$Holder.invokeSpecial(java.lang.Object, java.lang.Object, int, int, java.lang.Object, java.lang.Object, java.lang.Object)'> (0x00000000912714e8) thrown at [./src/hotspot/share/interpreter/linkResolver.cpp, line 773]
Event: 0.792 Thread 0x000001b4e082b000 Exception <a 'java/lang/NoSuchMethodError'{0x0000000091274a78}: 'java.lang.Object java.lang.invoke.DelegatingMethodHandle$Holder.reinvoke_L(java.lang.Object, int, int, java.lang.Object, java.lang.Object, java.lang.Object)'> (0x0000000091274a78) thrown at [./src/hotspot/share/interpreter/linkResolver.cpp, line 773]
Event: 0.793 Thread 0x000001b4e082b000 Exception <a 'java/lang/NoSuchMethodError'{0x0000000091279008}: 'java.lang.Object java.lang.invoke.DirectMethodHandle$Holder.invokeStatic(java.lang.Object, java.lang.Object, java.lang.Object, java.lang.Object, int)'> (0x0000000091279008) thrown at [./src/hotspot/share/interpreter/linkResolver.cpp, line 773]
Event: 0.799 Thread 0x000001b4e082b000 Exception <a 'java/io/FileNotFoundException'{0x00000000912dba68}> (0x00000000912dba68) thrown at [./src/hotspot/share/prims/jni.cpp, line 617]
Event: 0.820 Thread 0x000001b4e082b000 Exception <a 'java/lang/NoSuchMethodError'{0x0000000091150e80}: 'java.lang.Object java.lang.invoke.DirectMethodHandle$Holder.invokeStatic(java.lang.Object, int, int, int, int)'> (0x0000000091150e80) thrown at [./src/hotspot/share/interpreter/linkResolver.cpp, line 773]
Event: 0.820 Thread 0x000001b4e082b000 Exception <a 'java/lang/NoSuchMethodError'{0x0000000091153fa8}: 'java.lang.Object java.lang.invoke.DirectMethodHandle$Holder.invokeStaticInit(java.lang.Object, int, int, int, int)'> (0x0000000091153fa8) thrown at [./src/hotspot/share/interpreter/linkResolver.cpp, line 773]
Event: 0.941 Thread 0x000001b4e082b000 Exception <a 'java/lang/NoSuchMethodError'{0x0000000091184fc8}: 'java.lang.Object java.lang.invoke.DirectMethodHandle$Holder.invokeStatic(java.lang.Object, java.lang.Object, int, int, int, int)'> (0x0000000091184fc8) thrown at [./src/hotspot/share/interpreter/linkResolver.cpp, line 773]
Event: 0.941 Thread 0x000001b4e082b000 Exception <a 'java/lang/NoSuchMethodError'{0x0000000091188320}: 'java.lang.Object java.lang.invoke.DirectMethodHandle$Holder.invokeStaticInit(java.lang.Object, java.lang.Object, int, int, int, int)'> (0x0000000091188320) thrown at [./src/hotspot/share/interpreter/linkResolver.cpp, line 773]

Events (20 events):
Event: 0.982 loading class com/sun/imageio/plugins/jpeg/DQTMarkerSegment
Event: 0.982 loading class com/sun/imageio/plugins/jpeg/DQTMarkerSegment done
Event: 0.982 loading class com/sun/imageio/plugins/jpeg/DQTMarkerSegment$Qtable
Event: 0.982 loading class com/sun/imageio/plugins/jpeg/DQTMarkerSegment$Qtable done
Event: 0.982 loading class com/sun/imageio/plugins/jpeg/DHTMarkerSegment
Event: 0.982 loading class com/sun/imageio/plugins/jpeg/DHTMarkerSegment done
Event: 0.982 loading class com/sun/imageio/plugins/jpeg/DHTMarkerSegment$Htable
Event: 0.983 loading class com/sun/imageio/plugins/jpeg/DHTMarkerSegment$Htable done
Event: 0.983 loading class com/sun/imageio/plugins/jpeg/SOFMarkerSegment
Event: 0.983 loading class com/sun/imageio/plugins/jpeg/SOFMarkerSegment done
Event: 0.983 loading class com/sun/imageio/plugins/jpeg/SOFMarkerSegment$ComponentSpec
Event: 0.983 loading class com/sun/imageio/plugins/jpeg/SOFMarkerSegment$ComponentSpec done
Event: 0.983 loading class com/sun/imageio/plugins/jpeg/SOSMarkerSegment
Event: 0.983 loading class com/sun/imageio/plugins/jpeg/SOSMarkerSegment done
Event: 0.983 loading class com/sun/imageio/plugins/jpeg/SOSMarkerSegment$ScanComponentSpec
Event: 0.983 loading class com/sun/imageio/plugins/jpeg/SOSMarkerSegment$ScanComponentSpec done
Event: 0.983 loading class com/sun/imageio/plugins/jpeg/AdobeMarkerSegment
Event: 0.983 loading class com/sun/imageio/plugins/jpeg/AdobeMarkerSegment done
Event: 0.983 loading class com/sun/imageio/plugins/jpeg/DRIMarkerSegment
Event: 0.983 loading class com/sun/imageio/plugins/jpeg/DRIMarkerSegment done


Dynamic libraries:
0x00007ff64bb80000 - 0x00007ff64bb8d000 	C:\Program Files\OpenJDK\openjdk-11.0.15_10\bin\java.exe
0x00007ffb939e0000 - 0x00007ffb93be9000 	C:\Windows\SYSTEM32\ntdll.dll
0x00007ffb932e0000 - 0x00007ffb9339d000 	C:\Windows\System32\KERNEL32.DLL
0x00007ffb910d0000 - 0x00007ffb91449000 	C:\Windows\System32\KERNELBASE.dll
0x00007ffb91750000 - 0x00007ffb91861000 	C:\Windows\System32\ucrtbase.dll
0x00007ffb7af10000 - 0x00007ffb7af26000 	C:\Program Files\OpenJDK\openjdk-11.0.15_10\bin\VCRUNTIME140.dll
0x00007ffb7af30000 - 0x00007ffb7af48000 	C:\Program Files\OpenJDK\openjdk-11.0.15_10\bin\jli.dll
0x00007ffb91870000 - 0x00007ffb91a1c000 	C:\Windows\System32\USER32.dll
0x00007ffb91680000 - 0x00007ffb916a6000 	C:\Windows\System32\win32u.dll
0x00007ffb93640000 - 0x00007ffb93669000 	C:\Windows\System32\GDI32.dll
0x00007ffb70b00000 - 0x00007ffb70da5000 	C:\Windows\WinSxS\amd64_microsoft.windows.common-controls_6595b64144ccf1df_6.0.22000.120_none_9d947278b86cc467\COMCTL32.dll
0x00007ffb90ec0000 - 0x00007ffb90fd2000 	C:\Windows\System32\gdi32full.dll
0x00007ffb916b0000 - 0x00007ffb9174d000 	C:\Windows\System32\msvcp_win.dll
0x00007ffb922b0000 - 0x00007ffb92353000 	C:\Windows\System32\msvcrt.dll
0x00007ffb933a0000 - 0x00007ffb933d1000 	C:\Windows\System32\IMM32.DLL
0x00007ffb738e0000 - 0x00007ffb7398a000 	C:\Program Files\OpenJDK\openjdk-11.0.15_10\bin\msvcp140.dll
0x00007ffb2b860000 - 0x00007ffb2c3b1000 	C:\Program Files\OpenJDK\openjdk-11.0.15_10\bin\server\jvm.dll
0x00007ffb93230000 - 0x00007ffb932de000 	C:\Windows\System32\ADVAPI32.dll
0x00007ffb91cc0000 - 0x00007ffb91d5e000 	C:\Windows\System32\sechost.dll
0x00007ffb91a90000 - 0x00007ffb91bb0000 	C:\Windows\System32\RPCRT4.dll
0x00007ffb93500000 - 0x00007ffb93508000 	C:\Windows\System32\PSAPI.DLL
0x00007ffb874b0000 - 0x00007ffb874ba000 	C:\Windows\SYSTEM32\VERSION.dll
0x00007ffb88e80000 - 0x00007ffb88eb3000 	C:\Windows\SYSTEM32\WINMM.dll
0x00007ffb8d2a0000 - 0x00007ffb8d2a9000 	C:\Windows\SYSTEM32\WSOCK32.dll
0x00007ffb91a20000 - 0x00007ffb91a8f000 	C:\Windows\System32\WS2_32.dll
0x00007ffb90030000 - 0x00007ffb90048000 	C:\Windows\SYSTEM32\kernel.appcore.dll
0x00007ffb739d0000 - 0x00007ffb739e1000 	C:\Program Files\OpenJDK\openjdk-11.0.15_10\bin\verify.dll
0x00007ffb8ea50000 - 0x00007ffb8ec71000 	C:\Windows\SYSTEM32\DBGHELP.DLL
0x00007ffb76f30000 - 0x00007ffb76f61000 	C:\Windows\SYSTEM32\dbgcore.DLL
0x00007ffb90fe0000 - 0x00007ffb9105f000 	C:\Windows\System32\bcryptPrimitives.dll
0x00007ffb70850000 - 0x00007ffb70879000 	C:\Program Files\OpenJDK\openjdk-11.0.15_10\bin\java.dll
0x00007ffb8df00000 - 0x00007ffb8df0a000 	C:\Program Files\OpenJDK\openjdk-11.0.15_10\bin\jimage.dll
0x00007ffb70830000 - 0x00007ffb70848000 	C:\Program Files\OpenJDK\openjdk-11.0.15_10\bin\zip.dll
0x00007ffb92990000 - 0x00007ffb93148000 	C:\Windows\System32\SHELL32.dll
0x00007ffb8f000000 - 0x00007ffb8f868000 	C:\Windows\SYSTEM32\windows.storage.dll
0x00007ffb91e70000 - 0x00007ffb921e9000 	C:\Windows\System32\combase.dll
0x00007ffb8ee90000 - 0x00007ffb8eff6000 	C:\Windows\SYSTEM32\wintypes.dll
0x00007ffb91bb0000 - 0x00007ffb91c9a000 	C:\Windows\System32\SHCORE.dll
0x00007ffb93940000 - 0x00007ffb9399d000 	C:\Windows\System32\shlwapi.dll
0x00007ffb90df0000 - 0x00007ffb90e11000 	C:\Windows\SYSTEM32\profapi.dll
0x00007ffb6e2e0000 - 0x00007ffb6e2f9000 	C:\Program Files\OpenJDK\openjdk-11.0.15_10\bin\net.dll
0x00007ffb8b950000 - 0x00007ffb8ba5c000 	C:\Windows\SYSTEM32\WINHTTP.dll
0x00007ffb904e0000 - 0x00007ffb90547000 	C:\Windows\system32\mswsock.dll
0x00007ffb6e2c0000 - 0x00007ffb6e2d3000 	C:\Program Files\OpenJDK\openjdk-11.0.15_10\bin\nio.dll
0x00007ffb6e160000 - 0x00007ffb6e1d5000 	C:\Users\Deepak\AppData\Local\Temp\lwjglDeepak\3.3.1-SNAPSHOT\lwjgl.dll
0x00007ffb6cc10000 - 0x00007ffb6cc71000 	C:\Users\Deepak\AppData\Local\Temp\lwjglDeepak\3.3.1-SNAPSHOT\glfw.dll
0x00007ffb65fb0000 - 0x00007ffb65ff5000 	C:\Windows\SYSTEM32\dinput8.dll
0x00007ffb6e140000 - 0x00007ffb6e151000 	C:\Windows\SYSTEM32\xinput1_4.dll
0x00007ffb90b90000 - 0x00007ffb90bdc000 	C:\Windows\SYSTEM32\cfgmgr32.dll
0x00007ffb90be0000 - 0x00007ffb90c0c000 	C:\Windows\SYSTEM32\DEVOBJ.dll
0x00007ffb8e550000 - 0x00007ffb8e57f000 	C:\Windows\SYSTEM32\dwmapi.dll
0x00007ffb71bd0000 - 0x00007ffb71d99000 	C:\Windows\SYSTEM32\inputhost.dll
0x00007ffb8dcd0000 - 0x00007ffb8de02000 	C:\Windows\SYSTEM32\CoreMessaging.dll
0x00007ffb8e200000 - 0x00007ffb8e2ac000 	C:\Windows\system32\uxtheme.dll
0x00007ffb933e0000 - 0x00007ffb934fe000 	C:\Windows\System32\MSCTF.dll
0x00007ffb90740000 - 0x00007ffb9074c000 	C:\Windows\SYSTEM32\CRYPTBASE.DLL
0x00007ffb4a850000 - 0x00007ffb4a951000 	C:\Windows\SYSTEM32\opengl32.dll
0x00007ffb5cc60000 - 0x00007ffb5cc8d000 	C:\Windows\SYSTEM32\GLU32.dll
0x00007ffb8e350000 - 0x00007ffb8e388000 	C:\Windows\SYSTEM32\dxcore.dll
0x00007ffb8b810000 - 0x00007ffb8b854000 	C:\Windows\SYSTEM32\directxdatabasehelper.dll
0x00007ffb8e4f0000 - 0x00007ffb8e524000 	C:\Windows\SYSTEM32\ntmarta.dll
0x00007ffb93810000 - 0x00007ffb938bf000 	C:\Windows\System32\clbcatq.dll
0x00007ffb78920000 - 0x00007ffb7894c000 	C:\Windows\System32\DriverStore\FileRepository\u0375335.inf_amd64_7de275617d9da25a\B374868\atig6pxx.dll
0x00007ffb147e0000 - 0x00007ffb17623000 	C:\Windows\System32\DriverStore\FileRepository\u0375335.inf_amd64_7de275617d9da25a\B374868\atio6axx.dll
0x00007ffb92360000 - 0x00007ffb927cc000 	C:\Windows\System32\SETUPAPI.dll
0x00007ffb7a140000 - 0x00007ffb7a165000 	C:\Windows\SYSTEM32\dxva2.dll
0x00007ffb93670000 - 0x00007ffb9380a000 	C:\Windows\System32\ole32.dll
0x00007ffb77f20000 - 0x00007ffb77f5f000 	C:\Windows\System32\DriverStore\FileRepository\u0375335.inf_amd64_7de275617d9da25a\B374868\atig6txx.dll
0x00007ffb4a110000 - 0x00007ffb4a2dc000 	C:\Windows\SYSTEM32\atiadlxx.dll
0x00007ffb8cb90000 - 0x00007ffb8cc87000 	C:\Windows\SYSTEM32\PROPSYS.dll
0x00007ffb5fbe0000 - 0x00007ffb5fc2f000 	C:\Windows\SYSTEM32\pdh.dll
0x00007ffb91060000 - 0x00007ffb910c7000 	C:\Windows\System32\WINTRUST.dll
0x00007ffb91450000 - 0x00007ffb915b2000 	C:\Windows\System32\CRYPT32.dll
0x00007ffb90780000 - 0x00007ffb90792000 	C:\Windows\SYSTEM32\MSASN1.dll
0x00007ffb6f930000 - 0x00007ffb6fa5d000 	C:\Windows\SYSTEM32\textinputframework.dll
0x00007ffb93150000 - 0x00007ffb93226000 	C:\Windows\System32\OLEAUT32.dll
0x00007ffb8af00000 - 0x00007ffb8b26d000 	C:\Windows\SYSTEM32\CoreUIComponents.dll
0x00007ffb64980000 - 0x00007ffb649dd000 	C:\Users\Deepak\AppData\Local\Temp\lwjglDeepak\3.3.1-SNAPSHOT\lwjgl_opengl.dll
0x00007ffb57620000 - 0x00007ffb57879000 	C:\Users\Deepak\AppData\Local\Temp\lwjglDeepak\3.3.1-SNAPSHOT\jemalloc.dll
0x00007ffb5e150000 - 0x00007ffb5e2ef000 	C:\Program Files\OpenJDK\openjdk-11.0.15_10\bin\awt.dll
0x00007ffb8e0d0000 - 0x00007ffb8e161000 	C:\Windows\SYSTEM32\apphelp.dll
0x00007ffb90720000 - 0x00007ffb90738000 	C:\Windows\SYSTEM32\CRYPTSP.dll
0x00007ffb8ff70000 - 0x00007ffb8ffa5000 	C:\Windows\system32\rsaenh.dll
0x00007ffb905d0000 - 0x00007ffb905f9000 	C:\Windows\SYSTEM32\USERENV.dll
0x00007ffb908a0000 - 0x00007ffb908c7000 	C:\Windows\SYSTEM32\bcrypt.dll
0x00007ffb8fb30000 - 0x00007ffb8fb5d000 	C:\Windows\SYSTEM32\IPHLPAPI.DLL
0x00007ffb93630000 - 0x00007ffb93639000 	C:\Windows\System32\NSI.dll
0x00007ffb89b60000 - 0x00007ffb89b79000 	C:\Windows\SYSTEM32\dhcpcsvc6.DLL
0x00007ffb8a0f0000 - 0x00007ffb8a10e000 	C:\Windows\SYSTEM32\dhcpcsvc.DLL
0x00007ffb8fb60000 - 0x00007ffb8fc48000 	C:\Windows\SYSTEM32\DNSAPI.dll
0x00007ffb6e080000 - 0x00007ffb6e0ad000 	C:\Program Files\OpenJDK\openjdk-11.0.15_10\bin\javajpeg.dll

dbghelp: loaded successfully - version: 4.0.5 - missing functions: none
symbol engine: initialized successfully - sym options: 0x614 - pdb path: .;C:\Program Files\OpenJDK\openjdk-11.0.15_10\bin;C:\Windows\SYSTEM32;C:\Windows\WinSxS\amd64_microsoft.windows.common-controls_6595b64144ccf1df_6.0.22000.120_none_9d947278b86cc467;C:\Program Files\OpenJDK\openjdk-11.0.15_10\bin\server;C:\Users\Deepak\AppData\Local\Temp\lwjglDeepak\3.3.1-SNAPSHOT;C:\Windows\System32\DriverStore\FileRepository\u0375335.inf_amd64_7de275617d9da25a\B374868

VM Arguments:
java_command: .\target\miniengine-1.0-SNAPSHOT.jar
java_class_path (initial): .\target\miniengine-1.0-SNAPSHOT.jar
Launcher Type: SUN_STANDARD

[Global flags]
     intx CICompilerCount                          = 12                                        {product} {ergonomic}
     uint ConcGCThreads                            = 3                                         {product} {ergonomic}
     uint G1ConcRefinementThreads                  = 13                                        {product} {ergonomic}
   size_t G1HeapRegionSize                         = 1048576                                   {product} {ergonomic}
    uintx GCDrainStackTargetSize                   = 64                                        {product} {ergonomic}
   size_t InitialHeapSize                          = 123731968                                 {product} {ergonomic}
   size_t MarkStackSize                            = 4194304                                   {product} {ergonomic}
   size_t MaxHeapSize                              = 1973420032                                {product} {ergonomic}
   size_t MaxNewSize                               = 1183842304                                {product} {ergonomic}
   size_t MinHeapDeltaBytes                        = 1048576                                   {product} {ergonomic}
    uintx NonNMethodCodeHeapSize                   = 7594288                                {pd product} {ergonomic}
    uintx NonProfiledCodeHeapSize                  = 122031976                              {pd product} {ergonomic}
    uintx ProfiledCodeHeapSize                     = 122031976                              {pd product} {ergonomic}
    uintx ReservedCodeCacheSize                    = 251658240                              {pd product} {ergonomic}
     bool SegmentedCodeCache                       = true                                      {product} {ergonomic}
     bool UseCompressedClassPointers               = true                                 {lp64_product} {ergonomic}
     bool UseCompressedOops                        = true                                 {lp64_product} {ergonomic}
     bool UseG1GC                                  = true                                      {product} {ergonomic}
     bool UseLargePagesIndividualAllocation        = false                                  {pd product} {ergonomic}

Logging:
Log output configuration:
 #0: stdout all=warning uptime,level,tags
 #1: stderr all=off uptime,level,tags

Environment Variables:
JAVA_HOME=C:\Program Files\OpenJDK\openjdk-11.0.15_10
PATH=C:\Windows\system32;C:\Windows;C:\Windows\System32\Wbem;C:\Windows\System32\WindowsPowerShell\v1.0\;C:\Windows\System32\OpenSSH\;C:\Program Files\Git\cmd;C:\ProgramData\chocolatey\bin;C:\Program Files\OpenJDK\openjdk-11.0.15_10\bin;C:\ProgramData\chocolatey\lib\maven\apache-maven-3.8.6\bin;C:\Users\Deepak\AppData\Local\Microsoft\WindowsApps
USERNAME=Deepak
OS=Windows_NT
PROCESSOR_IDENTIFIER=AMD64 Family 23 Model 104 Stepping 1, AuthenticAMD



---------------  S Y S T E M  ---------------

OS: Windows 11 , 64 bit Build 22000 (10.0.22000.708)
OS uptime: 1 days 4:29 hours
Hyper-V role detected

CPU:total 16 (initial active 16) (16 cores per cpu, 2 threads per core) family 23 model 104 stepping 1 microcode 0x0, cmov, cx8, fxsr, mmx, sse, sse2, sse3, ssse3, sse4.1, sse4.2, popcnt, avx, avx2, aes, clmul, mmxext, 3dnowpref, lzcnt, sse4a, ht, tsc, tscinvbit, tscinv, bmi1, bmi2, adx, sha, fma

Memory: 4k page, system-wide physical 7520M (794M free)
TotalPageFile size 11274M (AvailPageFile size 1408M)
current process WorkingSet (physical memory assigned to process): 109M, peak: 109M
current process commit charge ("private bytes"): 303M, peak: 303M

vm_info: OpenJDK 64-Bit Server VM (11.0.15+10) for windows-amd64 JRE (11.0.15+10), built on Apr 21 2022 21:29:46 by "tester" with MS VC++ 15.5 (VS2017)

END.
