#
# A fatal error has been detected by the Java Runtime Environment:
#
#  EXCEPTION_ACCESS_VIOLATION (0xc0000005) at pc=0x00007ffb163a118a, pid=4820, tid=12372
#
# JRE version: OpenJDK Runtime Environment 18.9 (11.0.15+10) (build 11.0.15+10)
# Java VM: OpenJDK 64-Bit Server VM 18.9 (11.0.15+10, mixed mode, tiered, compressed oops, g1 gc, windows-amd64)
# Problematic frame:
# C  [atio6axx.dll+0x1bc118a]
#
# No core dump will be written. Minidumps are not enabled by default on client versions of Windows
#
# If you would like to submit a bug report, please visit:
#   https://bugreport.java.com/bugreport/crash.jsp
# The crash happened outside the Java Virtual Machine in native code.
# See problematic frame for where to report the bug.
#

---------------  S U M M A R Y ------------

Command Line: .\target\miniengine-1.0-SNAPSHOT.jar

Host: AMD Ryzen 7 5700U with Radeon Graphics         , 16 cores, 7G,  Windows 11 , 64 bit Build 22000 (10.0.22000.708)
Time: Sat Jul  9 18:29:04 2022 India Standard Time elapsed time: 1.800673 seconds (0d 0h 0m 1s)

---------------  T H R E A D  ---------------

Current thread (0x00000248b030a000):  JavaThread "main" [_thread_in_native, id=12372, stack(0x0000006b58f00000,0x0000006b59000000)]

Stack: [0x0000006b58f00000,0x0000006b59000000],  sp=0x0000006b58ffe538,  free space=1017k
Native frames: (J=compiled Java code, j=interpreted, Vv=VM code, C=native code)
C  [atio6axx.dll+0x1bc118a]

Java frames: (J=compiled Java code, j=interpreted, Vv=VM code)
j  org.lwjgl.opengl.GL11C.nglTexImage2D(IIIIIIIIJ)V+0
j  org.lwjgl.opengl.GL11C.glTexImage2D(IIIIIIIILjava/nio/ByteBuffer;)V+17
j  org.lwjgl.opengl.GL11.glTexImage2D(IIIIIIIILjava/nio/ByteBuffer;)V+14
j  engine.services.GlService.renderObject(Lengine/models/BufferEnum;Lengine/models/DrawTypeEnum;Lengine/models/Polygon;ILengine/models/ShaderProgram;)V+297
j  engine.strategy.RectTextureRenderingStrategy.execute()V+281
j  Application.main([Ljava/lang/String;)V+54
v  ~StubRoutines::call_stub

siginfo: EXCEPTION_ACCESS_VIOLATION (0xc0000005), reading address 0x0000000000000010


Register to memory mapping:

RIP=0x00007ffb163a118a atio6axx.dll
RAX=0x00000248d54a2530 points into unknown readable memory: 0x00003e74696e693c | 3c 69 6e 69 74 3e 00 00
RBX=0x00000248d259df90 points into unknown readable memory: 0x0000000100000001 | 01 00 00 00 01 00 00 00
RCX=0x00000248d54a2530 points into unknown readable memory: 0x00003e74696e693c | 3c 69 6e 69 74 3e 00 00
RDX=0x0000000000000010 is an unknown value
RSP=0x0000006b58ffe538 is pointing into the stack for thread: 0x00000248b030a000
RBP=0x0000000000000004 is an unknown value
RSI=0x00000248d2a27eb8 points into unknown readable memory: 0x0000000000000004 | 04 00 00 00 00 00 00 00
RDI=0x0000000000000004 is an unknown value
R8 =0x0000000000000004 is an unknown value
R9 =0x00007ffb163a118a atio6axx.dll
R10=0x00007ffb147e0000 atio6axx.dll
R11=0xfc0fff7fffffffff is an unknown value
R12=0x0000006b58ffe6a0 is pointing into the stack for thread: 0x00000248b030a000
R13=0x0000000000000010 is an unknown value
R14=0x00000248d2a27eb8 points into unknown readable memory: 0x0000000000000004 | 04 00 00 00 00 00 00 00
R15=0x0000000000000004 is an unknown value


Registers:
RAX=0x00000248d54a2530, RBX=0x00000248d259df90, RCX=0x00000248d54a2530, RDX=0x0000000000000010
RSP=0x0000006b58ffe538, RBP=0x0000000000000004, RSI=0x00000248d2a27eb8, RDI=0x0000000000000004
R8 =0x0000000000000004, R9 =0x00007ffb163a118a, R10=0x00007ffb147e0000, R11=0xfc0fff7fffffffff
R12=0x0000006b58ffe6a0, R13=0x0000000000000010, R14=0x00000248d2a27eb8, R15=0x0000000000000004
RIP=0x00007ffb163a118a, EFLAGS=0x0000000000010202

Top of Stack: (sp=0x0000006b58ffe538)
0x0000006b58ffe538:   00007ffb15c33020 00000248b0170000
0x0000006b58ffe548:   0000006b00000000 00000248d4b3bea0
0x0000006b58ffe558:   00000248d4ee6b48 00007ffb172909b8
0x0000006b58ffe568:   0000000000000854 00000248d4e04f90
0x0000006b58ffe578:   00000248d4b3bea0 00000248d4b3bea0
0x0000006b58ffe588:   0000006b58ffe7b8 0000000000000001
0x0000006b58ffe598:   0000000000000000 0000000000000001
0x0000006b58ffe5a8:   00000248d4b3bea0 00000248d4ebde60
0x0000006b58ffe5b8:   00007ffb15bbdb3c 00000248d259df01
0x0000006b58ffe5c8:   00000248d4ebde60 00000248d53a4f20
0x0000006b58ffe5d8:   3f8000003f800000 0000000000000001
0x0000006b58ffe5e8:   0000000000000000 3f80000000000036
0x0000006b58ffe5f8:   3f8000003f800000 0000000000000010
0x0000006b58ffe608:   0000024800000001 0000000000000000
0x0000006b58ffe618:   0000000000000000 0000024800000004
0x0000006b58ffe628:   0000000000000000 0000006b00000000 

Instructions: (pc=0x00007ffb163a118a)
0x00007ffb163a108a:   84 00 00 00 00 00 47 8b 8c 82 00 90 d7 02 4d 03
0x00007ffb163a109a:   ca 41 ff e1 c3 90 4c 8b 02 8b 4a 08 44 0f b7 4a
0x00007ffb163a10aa:   0c 44 0f b6 52 0e 4c 89 00 89 48 08 66 44 89 48
0x00007ffb163a10ba:   0c 44 88 50 0e c3 4c 8b 02 0f b7 4a 08 44 0f b6
0x00007ffb163a10ca:   4a 0a 4c 89 00 66 89 48 08 44 88 48 0a c3 0f b7
0x00007ffb163a10da:   0a 66 89 08 c3 90 8b 0a 44 0f b7 42 04 44 0f b6
0x00007ffb163a10ea:   4a 06 89 08 66 44 89 40 04 44 88 48 06 c3 4c 8b
0x00007ffb163a10fa:   02 8b 4a 08 44 0f b7 4a 0c 4c 89 00 89 48 08 66
0x00007ffb163a110a:   44 89 48 0c c3 0f b7 0a 44 0f b6 42 02 66 89 08
0x00007ffb163a111a:   44 88 40 02 c3 90 4c 8b 02 8b 4a 08 44 0f b6 4a
0x00007ffb163a112a:   0c 4c 89 00 89 48 08 44 88 48 0c c3 4c 8b 02 0f
0x00007ffb163a113a:   b7 4a 08 4c 89 00 66 89 48 08 c3 4c 8b 02 0f b6
0x00007ffb163a114a:   4a 08 4c 89 00 88 48 08 c3 4c 8b 02 8b 4a 08 4c
0x00007ffb163a115a:   89 00 89 48 08 c3 8b 0a 44 0f b7 42 04 89 08 66
0x00007ffb163a116a:   44 89 40 04 c3 8b 0a 44 0f b6 42 04 89 08 44 88
0x00007ffb163a117a:   40 04 c3 48 8b 0a 48 89 08 c3 0f b6 0a 88 08 c3
0x00007ffb163a118a:   8b 0a 89 08 c3 90 49 83 f8 20 77 17 f3 0f 6f 0a
0x00007ffb163a119a:   f3 42 0f 6f 54 02 f0 f3 0f 7f 09 f3 42 0f 7f 54
0x00007ffb163a11aa:   01 f0 c3 48 3b d1 73 0e 4e 8d 0c 02 49 3b c9 0f
0x00007ffb163a11ba:   82 41 04 00 00 90 83 3d 39 74 e2 00 03 0f 82 e3
0x00007ffb163a11ca:   02 00 00 49 81 f8 00 20 00 00 76 16 49 81 f8 00
0x00007ffb163a11da:   00 18 00 77 0d f6 05 c2 f7 fe 00 02 0f 85 64 fe
0x00007ffb163a11ea:   ff ff c5 fe 6f 02 c4 a1 7e 6f 6c 02 e0 49 81 f8
0x00007ffb163a11fa:   00 01 00 00 0f 86 c4 00 00 00 4c 8b c9 49 83 e1
0x00007ffb163a120a:   1f 49 83 e9 20 49 2b c9 49 2b d1 4d 03 c1 49 81
0x00007ffb163a121a:   f8 00 01 00 00 0f 86 a3 00 00 00 49 81 f8 00 00
0x00007ffb163a122a:   18 00 0f 87 3e 01 00 00 66 66 66 66 66 66 0f 1f
0x00007ffb163a123a:   84 00 00 00 00 00 c5 fe 6f 0a c5 fe 6f 52 20 c5
0x00007ffb163a124a:   fe 6f 5a 40 c5 fe 6f 62 60 c5 fd 7f 09 c5 fd 7f
0x00007ffb163a125a:   51 20 c5 fd 7f 59 40 c5 fd 7f 61 60 c5 fe 6f 8a
0x00007ffb163a126a:   80 00 00 00 c5 fe 6f 92 a0 00 00 00 c5 fe 6f 9a
0x00007ffb163a127a:   c0 00 00 00 c5 fe 6f a2 e0 00 00 00 c5 fd 7f 89 


Stack slot to memory mapping:
stack at sp + 0 slots: 0x00007ffb15c33020 atio6axx.dll
stack at sp + 1 slots: 0x00000248b0170000 points into unknown readable memory: 0x0000000000000000 | 00 00 00 00 00 00 00 00
stack at sp + 2 slots: 0x0000006b00000000 is an unknown value
stack at sp + 3 slots: 0x00000248d4b3bea0 points into unknown readable memory: 0x00007ffb16fe6cf0 | f0 6c fe 16 fb 7f 00 00
stack at sp + 4 slots: 0x00000248d4ee6b48 points into unknown readable memory: 0x0000000000000000 | 00 00 00 00 00 00 00 00
stack at sp + 5 slots: 0x00007ffb172909b8 atio6axx.dll
stack at sp + 6 slots: 0x0000000000000854 is an unknown value
stack at sp + 7 slots: 0x00000248d4e04f90 points into unknown readable memory: 0x0000000100000200 | 00 02 00 00 01 00 00 00


---------------  P R O C E S S  ---------------

Threads class SMR info:
_java_thread_list=0x00000248d547d390, length=13, elements={
0x00000248b030a000, 0x00000248d1acb800, 0x00000248d1acd000, 0x00000248d1ae6800,
0x00000248d1ae7800, 0x00000248d1ae8800, 0x00000248d1ae9800, 0x00000248d1aec800,
0x00000248d244c000, 0x00000248d1a62000, 0x00000248d25e8800, 0x00000248d5511000,
0x00000248d557f800
}

Java Threads: ( => current thread )
=>0x00000248b030a000 JavaThread "main" [_thread_in_native, id=12372, stack(0x0000006b58f00000,0x0000006b59000000)]
  0x00000248d1acb800 JavaThread "Reference Handler" daemon [_thread_blocked, id=9352, stack(0x0000006b59600000,0x0000006b59700000)]
  0x00000248d1acd000 JavaThread "Finalizer" daemon [_thread_blocked, id=7456, stack(0x0000006b59700000,0x0000006b59800000)]
  0x00000248d1ae6800 JavaThread "Signal Dispatcher" daemon [_thread_blocked, id=15296, stack(0x0000006b59800000,0x0000006b59900000)]
  0x00000248d1ae7800 JavaThread "Attach Listener" daemon [_thread_blocked, id=3608, stack(0x0000006b59900000,0x0000006b59a00000)]
  0x00000248d1ae8800 JavaThread "Service Thread" daemon [_thread_blocked, id=15928, stack(0x0000006b59a00000,0x0000006b59b00000)]
  0x00000248d1ae9800 JavaThread "C2 CompilerThread0" daemon [_thread_blocked, id=15488, stack(0x0000006b59b00000,0x0000006b59c00000)]
  0x00000248d1aec800 JavaThread "C1 CompilerThread0" daemon [_thread_blocked, id=9784, stack(0x0000006b59c00000,0x0000006b59d00000)]
  0x00000248d244c000 JavaThread "Sweeper thread" daemon [_thread_blocked, id=9332, stack(0x0000006b59d00000,0x0000006b59e00000)]
  0x00000248d1a62000 JavaThread "C1 CompilerThread1" daemon [_thread_blocked, id=13848, stack(0x0000006b59e00000,0x0000006b59f00000)]
  0x00000248d25e8800 JavaThread "Common-Cleaner" daemon [_thread_blocked, id=10916, stack(0x0000006b5a000000,0x0000006b5a100000)]
  0x00000248d5511000 JavaThread "C2 CompilerThread1" daemon [_thread_blocked, id=16032, stack(0x0000006b5a100000,0x0000006b5a200000)]
  0x00000248d557f800 JavaThread "Java2D Disposer" daemon [_thread_blocked, id=12560, stack(0x0000006b5a500000,0x0000006b5a600000)]

Other Threads:
  0x00000248d1aa7800 VMThread "VM Thread" [stack: 0x0000006b59500000,0x0000006b59600000] [id=3636]
  0x00000248d25e4000 WatcherThread [stack: 0x0000006b59f00000,0x0000006b5a000000] [id=5312]
  0x00000248b24a0800 GCTaskThread "GC Thread#0" [stack: 0x0000006b59000000,0x0000006b59100000] [id=9640]
  0x00000248b24d2800 ConcurrentGCThread "G1 Main Marker" [stack: 0x0000006b59100000,0x0000006b59200000] [id=1080]
  0x00000248b24d3800 ConcurrentGCThread "G1 Conc#0" [stack: 0x0000006b59200000,0x0000006b59300000] [id=16116]
  0x00000248d1908800 ConcurrentGCThread "G1 Refine#0" [stack: 0x0000006b59300000,0x0000006b59400000] [id=5552]
  0x00000248d1909800 ConcurrentGCThread "G1 Young RemSet Sampling" [stack: 0x0000006b59400000,0x0000006b59500000] [id=13532]

Threads with active compile tasks:

VM state:not at safepoint (normal execution)

VM Mutex/Monitor currently owned by a thread: None

Heap address: 0x000000008a600000, size: 1882 MB, Compressed Oops mode: 32-bit
Narrow klass base: 0x0000000000000000, Narrow klass shift: 3
Compressed class space size: 1073741824 Address: 0x0000000100000000

Heap:
 garbage-first heap   total 120832K, used 17408K [0x000000008a600000, 0x0000000100000000)
  region size 1024K, 15 young (15360K), 0 survivors (0K)
 Metaspace       used 13180K, capacity 13371K, committed 13440K, reserved 1060864K
  class space    used 1066K, capacity 1151K, committed 1152K, reserved 1048576K
Heap Regions: E=young(eden), S=young(survivor), O=old, HS=humongous(starts), HC=humongous(continues), CS=collection set, F=free, A=archive, TAMS=top-at-mark-start (previous, next)
|   0|0x000000008a600000, 0x000000008a700000, 0x000000008a700000|100%|HS|  |TAMS 0x000000008a600000, 0x000000008a600000| Complete 
|   1|0x000000008a700000, 0x000000008a800000, 0x000000008a800000|100%|HS|  |TAMS 0x000000008a700000, 0x000000008a700000| Complete 
|   2|0x000000008a800000, 0x000000008a900000, 0x000000008a900000|100%|HS|  |TAMS 0x000000008a800000, 0x000000008a800000| Complete 
|   3|0x000000008a900000, 0x000000008aa00000, 0x000000008aa00000|100%|HC|  |TAMS 0x000000008a900000, 0x000000008a900000| Complete 
|   4|0x000000008aa00000, 0x000000008aa00000, 0x000000008ab00000|  0%| F|  |TAMS 0x000000008aa00000, 0x000000008aa00000| Untracked 
|   5|0x000000008ab00000, 0x000000008ab00000, 0x000000008ac00000|  0%| F|  |TAMS 0x000000008ab00000, 0x000000008ab00000| Untracked 
|   6|0x000000008ac00000, 0x000000008ac00000, 0x000000008ad00000|  0%| F|  |TAMS 0x000000008ac00000, 0x000000008ac00000| Untracked 
|   7|0x000000008ad00000, 0x000000008ad00000, 0x000000008ae00000|  0%| F|  |TAMS 0x000000008ad00000, 0x000000008ad00000| Untracked 
|   8|0x000000008ae00000, 0x000000008ae00000, 0x000000008af00000|  0%| F|  |TAMS 0x000000008ae00000, 0x000000008ae00000| Untracked 
|   9|0x000000008af00000, 0x000000008af00000, 0x000000008b000000|  0%| F|  |TAMS 0x000000008af00000, 0x000000008af00000| Untracked 
|  10|0x000000008b000000, 0x000000008b000000, 0x000000008b100000|  0%| F|  |TAMS 0x000000008b000000, 0x000000008b000000| Untracked 
|  11|0x000000008b100000, 0x000000008b100000, 0x000000008b200000|  0%| F|  |TAMS 0x000000008b100000, 0x000000008b100000| Untracked 
|  12|0x000000008b200000, 0x000000008b200000, 0x000000008b300000|  0%| F|  |TAMS 0x000000008b200000, 0x000000008b200000| Untracked 
|  13|0x000000008b300000, 0x000000008b300000, 0x000000008b400000|  0%| F|  |TAMS 0x000000008b300000, 0x000000008b300000| Untracked 
|  14|0x000000008b400000, 0x000000008b400000, 0x000000008b500000|  0%| F|  |TAMS 0x000000008b400000, 0x000000008b400000| Untracked 
|  15|0x000000008b500000, 0x000000008b500000, 0x000000008b600000|  0%| F|  |TAMS 0x000000008b500000, 0x000000008b500000| Untracked 
|  16|0x000000008b600000, 0x000000008b600000, 0x000000008b700000|  0%| F|  |TAMS 0x000000008b600000, 0x000000008b600000| Untracked 
|  17|0x000000008b700000, 0x000000008b700000, 0x000000008b800000|  0%| F|  |TAMS 0x000000008b700000, 0x000000008b700000| Untracked 
|  18|0x000000008b800000, 0x000000008b800000, 0x000000008b900000|  0%| F|  |TAMS 0x000000008b800000, 0x000000008b800000| Untracked 
|  19|0x000000008b900000, 0x000000008b900000, 0x000000008ba00000|  0%| F|  |TAMS 0x000000008b900000, 0x000000008b900000| Untracked 
|  20|0x000000008ba00000, 0x000000008ba00000, 0x000000008bb00000|  0%| F|  |TAMS 0x000000008ba00000, 0x000000008ba00000| Untracked 
|  21|0x000000008bb00000, 0x000000008bb00000, 0x000000008bc00000|  0%| F|  |TAMS 0x000000008bb00000, 0x000000008bb00000| Untracked 
|  22|0x000000008bc00000, 0x000000008bc00000, 0x000000008bd00000|  0%| F|  |TAMS 0x000000008bc00000, 0x000000008bc00000| Untracked 
|  23|0x000000008bd00000, 0x000000008bd00000, 0x000000008be00000|  0%| F|  |TAMS 0x000000008bd00000, 0x000000008bd00000| Untracked 
|  24|0x000000008be00000, 0x000000008be00000, 0x000000008bf00000|  0%| F|  |TAMS 0x000000008be00000, 0x000000008be00000| Untracked 
|  25|0x000000008bf00000, 0x000000008bf00000, 0x000000008c000000|  0%| F|  |TAMS 0x000000008bf00000, 0x000000008bf00000| Untracked 
|  26|0x000000008c000000, 0x000000008c000000, 0x000000008c100000|  0%| F|  |TAMS 0x000000008c000000, 0x000000008c000000| Untracked 
|  27|0x000000008c100000, 0x000000008c100000, 0x000000008c200000|  0%| F|  |TAMS 0x000000008c100000, 0x000000008c100000| Untracked 
|  28|0x000000008c200000, 0x000000008c200000, 0x000000008c300000|  0%| F|  |TAMS 0x000000008c200000, 0x000000008c200000| Untracked 
|  29|0x000000008c300000, 0x000000008c300000, 0x000000008c400000|  0%| F|  |TAMS 0x000000008c300000, 0x000000008c300000| Untracked 
|  30|0x000000008c400000, 0x000000008c400000, 0x000000008c500000|  0%| F|  |TAMS 0x000000008c400000, 0x000000008c400000| Untracked 
|  31|0x000000008c500000, 0x000000008c500000, 0x000000008c600000|  0%| F|  |TAMS 0x000000008c500000, 0x000000008c500000| Untracked 
|  32|0x000000008c600000, 0x000000008c600000, 0x000000008c700000|  0%| F|  |TAMS 0x000000008c600000, 0x000000008c600000| Untracked 
|  33|0x000000008c700000, 0x000000008c700000, 0x000000008c800000|  0%| F|  |TAMS 0x000000008c700000, 0x000000008c700000| Untracked 
|  34|0x000000008c800000, 0x000000008c800000, 0x000000008c900000|  0%| F|  |TAMS 0x000000008c800000, 0x000000008c800000| Untracked 
|  35|0x000000008c900000, 0x000000008c900000, 0x000000008ca00000|  0%| F|  |TAMS 0x000000008c900000, 0x000000008c900000| Untracked 
|  36|0x000000008ca00000, 0x000000008ca00000, 0x000000008cb00000|  0%| F|  |TAMS 0x000000008ca00000, 0x000000008ca00000| Untracked 
|  37|0x000000008cb00000, 0x000000008cb00000, 0x000000008cc00000|  0%| F|  |TAMS 0x000000008cb00000, 0x000000008cb00000| Untracked 
|  38|0x000000008cc00000, 0x000000008cc00000, 0x000000008cd00000|  0%| F|  |TAMS 0x000000008cc00000, 0x000000008cc00000| Untracked 
|  39|0x000000008cd00000, 0x000000008cd00000, 0x000000008ce00000|  0%| F|  |TAMS 0x000000008cd00000, 0x000000008cd00000| Untracked 
|  40|0x000000008ce00000, 0x000000008ce00000, 0x000000008cf00000|  0%| F|  |TAMS 0x000000008ce00000, 0x000000008ce00000| Untracked 
|  41|0x000000008cf00000, 0x000000008cf00000, 0x000000008d000000|  0%| F|  |TAMS 0x000000008cf00000, 0x000000008cf00000| Untracked 
|  42|0x000000008d000000, 0x000000008d000000, 0x000000008d100000|  0%| F|  |TAMS 0x000000008d000000, 0x000000008d000000| Untracked 
|  43|0x000000008d100000, 0x000000008d100000, 0x000000008d200000|  0%| F|  |TAMS 0x000000008d100000, 0x000000008d100000| Untracked 
|  44|0x000000008d200000, 0x000000008d200000, 0x000000008d300000|  0%| F|  |TAMS 0x000000008d200000, 0x000000008d200000| Untracked 
|  45|0x000000008d300000, 0x000000008d300000, 0x000000008d400000|  0%| F|  |TAMS 0x000000008d300000, 0x000000008d300000| Untracked 
|  46|0x000000008d400000, 0x000000008d400000, 0x000000008d500000|  0%| F|  |TAMS 0x000000008d400000, 0x000000008d400000| Untracked 
|  47|0x000000008d500000, 0x000000008d500000, 0x000000008d600000|  0%| F|  |TAMS 0x000000008d500000, 0x000000008d500000| Untracked 
|  48|0x000000008d600000, 0x000000008d600000, 0x000000008d700000|  0%| F|  |TAMS 0x000000008d600000, 0x000000008d600000| Untracked 
|  49|0x000000008d700000, 0x000000008d700000, 0x000000008d800000|  0%| F|  |TAMS 0x000000008d700000, 0x000000008d700000| Untracked 
|  50|0x000000008d800000, 0x000000008d800000, 0x000000008d900000|  0%| F|  |TAMS 0x000000008d800000, 0x000000008d800000| Untracked 
|  51|0x000000008d900000, 0x000000008d900000, 0x000000008da00000|  0%| F|  |TAMS 0x000000008d900000, 0x000000008d900000| Untracked 
|  52|0x000000008da00000, 0x000000008da00000, 0x000000008db00000|  0%| F|  |TAMS 0x000000008da00000, 0x000000008da00000| Untracked 
|  53|0x000000008db00000, 0x000000008db00000, 0x000000008dc00000|  0%| F|  |TAMS 0x000000008db00000, 0x000000008db00000| Untracked 
|  54|0x000000008dc00000, 0x000000008dc00000, 0x000000008dd00000|  0%| F|  |TAMS 0x000000008dc00000, 0x000000008dc00000| Untracked 
|  55|0x000000008dd00000, 0x000000008dd00000, 0x000000008de00000|  0%| F|  |TAMS 0x000000008dd00000, 0x000000008dd00000| Untracked 
|  56|0x000000008de00000, 0x000000008de00000, 0x000000008df00000|  0%| F|  |TAMS 0x000000008de00000, 0x000000008de00000| Untracked 
|  57|0x000000008df00000, 0x000000008df00000, 0x000000008e000000|  0%| F|  |TAMS 0x000000008df00000, 0x000000008df00000| Untracked 
|  58|0x000000008e000000, 0x000000008e000000, 0x000000008e100000|  0%| F|  |TAMS 0x000000008e000000, 0x000000008e000000| Untracked 
|  59|0x000000008e100000, 0x000000008e100000, 0x000000008e200000|  0%| F|  |TAMS 0x000000008e100000, 0x000000008e100000| Untracked 
|  60|0x000000008e200000, 0x000000008e200000, 0x000000008e300000|  0%| F|  |TAMS 0x000000008e200000, 0x000000008e200000| Untracked 
|  61|0x000000008e300000, 0x000000008e300000, 0x000000008e400000|  0%| F|  |TAMS 0x000000008e300000, 0x000000008e300000| Untracked 
|  62|0x000000008e400000, 0x000000008e400000, 0x000000008e500000|  0%| F|  |TAMS 0x000000008e400000, 0x000000008e400000| Untracked 
|  63|0x000000008e500000, 0x000000008e500000, 0x000000008e600000|  0%| F|  |TAMS 0x000000008e500000, 0x000000008e500000| Untracked 
|  64|0x000000008e600000, 0x000000008e600000, 0x000000008e700000|  0%| F|  |TAMS 0x000000008e600000, 0x000000008e600000| Untracked 
|  65|0x000000008e700000, 0x000000008e700000, 0x000000008e800000|  0%| F|  |TAMS 0x000000008e700000, 0x000000008e700000| Untracked 
|  66|0x000000008e800000, 0x000000008e800000, 0x000000008e900000|  0%| F|  |TAMS 0x000000008e800000, 0x000000008e800000| Untracked 
|  67|0x000000008e900000, 0x000000008e900000, 0x000000008ea00000|  0%| F|  |TAMS 0x000000008e900000, 0x000000008e900000| Untracked 
|  68|0x000000008ea00000, 0x000000008ea00000, 0x000000008eb00000|  0%| F|  |TAMS 0x000000008ea00000, 0x000000008ea00000| Untracked 
|  69|0x000000008eb00000, 0x000000008eb00000, 0x000000008ec00000|  0%| F|  |TAMS 0x000000008eb00000, 0x000000008eb00000| Untracked 
|  70|0x000000008ec00000, 0x000000008ec00000, 0x000000008ed00000|  0%| F|  |TAMS 0x000000008ec00000, 0x000000008ec00000| Untracked 
|  71|0x000000008ed00000, 0x000000008ed00000, 0x000000008ee00000|  0%| F|  |TAMS 0x000000008ed00000, 0x000000008ed00000| Untracked 
|  72|0x000000008ee00000, 0x000000008ee00000, 0x000000008ef00000|  0%| F|  |TAMS 0x000000008ee00000, 0x000000008ee00000| Untracked 
|  73|0x000000008ef00000, 0x000000008ef00000, 0x000000008f000000|  0%| F|  |TAMS 0x000000008ef00000, 0x000000008ef00000| Untracked 
|  74|0x000000008f000000, 0x000000008f000000, 0x000000008f100000|  0%| F|  |TAMS 0x000000008f000000, 0x000000008f000000| Untracked 
|  75|0x000000008f100000, 0x000000008f100000, 0x000000008f200000|  0%| F|  |TAMS 0x000000008f100000, 0x000000008f100000| Untracked 
|  76|0x000000008f200000, 0x000000008f200000, 0x000000008f300000|  0%| F|  |TAMS 0x000000008f200000, 0x000000008f200000| Untracked 
|  77|0x000000008f300000, 0x000000008f300000, 0x000000008f400000|  0%| F|  |TAMS 0x000000008f300000, 0x000000008f300000| Untracked 
|  78|0x000000008f400000, 0x000000008f400000, 0x000000008f500000|  0%| F|  |TAMS 0x000000008f400000, 0x000000008f400000| Untracked 
|  79|0x000000008f500000, 0x000000008f500000, 0x000000008f600000|  0%| F|  |TAMS 0x000000008f500000, 0x000000008f500000| Untracked 
|  80|0x000000008f600000, 0x000000008f600000, 0x000000008f700000|  0%| F|  |TAMS 0x000000008f600000, 0x000000008f600000| Untracked 
|  81|0x000000008f700000, 0x000000008f700000, 0x000000008f800000|  0%| F|  |TAMS 0x000000008f700000, 0x000000008f700000| Untracked 
|  82|0x000000008f800000, 0x000000008f800000, 0x000000008f900000|  0%| F|  |TAMS 0x000000008f800000, 0x000000008f800000| Untracked 
|  83|0x000000008f900000, 0x000000008f900000, 0x000000008fa00000|  0%| F|  |TAMS 0x000000008f900000, 0x000000008f900000| Untracked 
|  84|0x000000008fa00000, 0x000000008fa00000, 0x000000008fb00000|  0%| F|  |TAMS 0x000000008fa00000, 0x000000008fa00000| Untracked 
|  85|0x000000008fb00000, 0x000000008fb00000, 0x000000008fc00000|  0%| F|  |TAMS 0x000000008fb00000, 0x000000008fb00000| Untracked 
|  86|0x000000008fc00000, 0x000000008fc00000, 0x000000008fd00000|  0%| F|  |TAMS 0x000000008fc00000, 0x000000008fc00000| Untracked 
|  87|0x000000008fd00000, 0x000000008fd00000, 0x000000008fe00000|  0%| F|  |TAMS 0x000000008fd00000, 0x000000008fd00000| Untracked 
|  88|0x000000008fe00000, 0x000000008fe00000, 0x000000008ff00000|  0%| F|  |TAMS 0x000000008fe00000, 0x000000008fe00000| Untracked 
|  89|0x000000008ff00000, 0x000000008ff00000, 0x0000000090000000|  0%| F|  |TAMS 0x000000008ff00000, 0x000000008ff00000| Untracked 
|  90|0x0000000090000000, 0x0000000090000000, 0x0000000090100000|  0%| F|  |TAMS 0x0000000090000000, 0x0000000090000000| Untracked 
|  91|0x0000000090100000, 0x0000000090100000, 0x0000000090200000|  0%| F|  |TAMS 0x0000000090100000, 0x0000000090100000| Untracked 
|  92|0x0000000090200000, 0x0000000090200000, 0x0000000090300000|  0%| F|  |TAMS 0x0000000090200000, 0x0000000090200000| Untracked 
|  93|0x0000000090300000, 0x0000000090300000, 0x0000000090400000|  0%| F|  |TAMS 0x0000000090300000, 0x0000000090300000| Untracked 
|  94|0x0000000090400000, 0x0000000090400000, 0x0000000090500000|  0%| F|  |TAMS 0x0000000090400000, 0x0000000090400000| Untracked 
|  95|0x0000000090500000, 0x0000000090500000, 0x0000000090600000|  0%| F|  |TAMS 0x0000000090500000, 0x0000000090500000| Untracked 
|  96|0x0000000090600000, 0x0000000090600000, 0x0000000090700000|  0%| F|  |TAMS 0x0000000090600000, 0x0000000090600000| Untracked 
|  97|0x0000000090700000, 0x0000000090700000, 0x0000000090800000|  0%| F|  |TAMS 0x0000000090700000, 0x0000000090700000| Untracked 
|  98|0x0000000090800000, 0x0000000090800000, 0x0000000090900000|  0%| F|  |TAMS 0x0000000090800000, 0x0000000090800000| Untracked 
|  99|0x0000000090900000, 0x0000000090900000, 0x0000000090a00000|  0%| F|  |TAMS 0x0000000090900000, 0x0000000090900000| Untracked 
| 100|0x0000000090a00000, 0x0000000090a00000, 0x0000000090b00000|  0%| F|  |TAMS 0x0000000090a00000, 0x0000000090a00000| Untracked 
| 101|0x0000000090b00000, 0x0000000090b00000, 0x0000000090c00000|  0%| F|  |TAMS 0x0000000090b00000, 0x0000000090b00000| Untracked 
| 102|0x0000000090c00000, 0x0000000090c00000, 0x0000000090d00000|  0%| F|  |TAMS 0x0000000090c00000, 0x0000000090c00000| Untracked 
| 103|0x0000000090d00000, 0x0000000090d1aac8, 0x0000000090e00000| 10%| E|  |TAMS 0x0000000090d00000, 0x0000000090d00000| Complete 
| 104|0x0000000090e00000, 0x0000000090ef7ac0, 0x0000000090f00000| 96%| E|  |TAMS 0x0000000090e00000, 0x0000000090e00000| Complete 
| 105|0x0000000090f00000, 0x0000000091000000, 0x0000000091000000|100%| E|CS|TAMS 0x0000000090f00000, 0x0000000090f00000| Complete 
| 106|0x0000000091000000, 0x0000000091100000, 0x0000000091100000|100%| E|CS|TAMS 0x0000000091000000, 0x0000000091000000| Complete 
| 107|0x0000000091100000, 0x0000000091200000, 0x0000000091200000|100%| E|CS|TAMS 0x0000000091100000, 0x0000000091100000| Complete 
| 108|0x0000000091200000, 0x0000000091300000, 0x0000000091300000|100%| E|CS|TAMS 0x0000000091200000, 0x0000000091200000| Complete 
| 109|0x0000000091300000, 0x0000000091400000, 0x0000000091400000|100%| E|CS|TAMS 0x0000000091300000, 0x0000000091300000| Complete 
| 110|0x0000000091400000, 0x0000000091500000, 0x0000000091500000|100%| E|CS|TAMS 0x0000000091400000, 0x0000000091400000| Complete 
| 111|0x0000000091500000, 0x0000000091600000, 0x0000000091600000|100%| E|CS|TAMS 0x0000000091500000, 0x0000000091500000| Complete 
| 112|0x0000000091600000, 0x0000000091700000, 0x0000000091700000|100%| E|CS|TAMS 0x0000000091600000, 0x0000000091600000| Complete 
| 113|0x0000000091700000, 0x0000000091800000, 0x0000000091800000|100%| E|CS|TAMS 0x0000000091700000, 0x0000000091700000| Complete 
| 114|0x0000000091800000, 0x0000000091900000, 0x0000000091900000|100%| E|CS|TAMS 0x0000000091800000, 0x0000000091800000| Complete 
| 115|0x0000000091900000, 0x0000000091a00000, 0x0000000091a00000|100%| E|CS|TAMS 0x0000000091900000, 0x0000000091900000| Complete 
| 116|0x0000000091a00000, 0x0000000091b00000, 0x0000000091b00000|100%| E|CS|TAMS 0x0000000091a00000, 0x0000000091a00000| Complete 
| 117|0x0000000091b00000, 0x0000000091c00000, 0x0000000091c00000|100%| E|CS|TAMS 0x0000000091b00000, 0x0000000091b00000| Complete 

Card table byte_map: [0x00000248ca820000,0x00000248cabd0000] _byte_map_base: 0x00000248ca3cd000

Marking Bits (Prev, Next): (CMBitMap*) 0x00000248b24ca178, (CMBitMap*) 0x00000248b24ca1b0
 Prev Bits: [0x00000248caf80000, 0x00000248ccce8000)
 Next Bits: [0x00000248cccf0000, 0x00000248cea58000)

Polling page: 0x00000248b1c70000

Metaspace:

Usage:
  Non-class:     11.93 MB capacity,    11.83 MB (>99%) used,    83.31 KB ( <1%) free+waste,    22.38 KB ( <1%) overhead. 
      Class:      1.12 MB capacity,     1.04 MB ( 93%) used,    74.27 KB (  6%) free+waste,    10.56 KB ( <1%) overhead. 
       Both:     13.06 MB capacity,    12.87 MB ( 99%) used,   157.59 KB (  1%) free+waste,    32.94 KB ( <1%) overhead. 

Virtual space:
  Non-class space:       12.00 MB reserved,      12.00 MB (100%) committed 
      Class space:        1.00 GB reserved,       1.13 MB ( <1%) committed 
             Both:        1.01 GB reserved,      13.13 MB (  1%) committed 

Chunk freelists:
   Non-Class:  4.00 KB
       Class:  1.00 KB
        Both:  5.00 KB

MaxMetaspaceSize: 17179869184.00 GB
CompressedClassSpaceSize: 1.00 GB
Initial GC threshold: 20.80 MB
Current GC threshold: 20.80 MB
CDS: off

CodeHeap 'non-profiled nmethods': size=119168Kb used=287Kb max_used=287Kb free=118880Kb
 bounds [0x00000248c2790000, 0x00000248c2a00000, 0x00000248c9bf0000]
CodeHeap 'profiled nmethods': size=119168Kb used=1445Kb max_used=1445Kb free=117722Kb
 bounds [0x00000248bb330000, 0x00000248bb5a0000, 0x00000248c2790000]
CodeHeap 'non-nmethods': size=7424Kb used=2160Kb max_used=2174Kb free=5263Kb
 bounds [0x00000248babf0000, 0x00000248bae60000, 0x00000248bb330000]
 total_blobs=1922 nmethods=922 adapters=912
 compilation: enabled
              stopped_count=0, restarted_count=0
 full_count=0

Compilation events (20 events):
Event: 1.778 Thread 0x00000248d1a62000 nmethod 912 0x00000248bb48f190 code [0x00000248bb48f3e0, 0x00000248bb48fb48]
Event: 1.778 Thread 0x00000248d1aec800  914   !   3       com.sun.imageio.plugins.jpeg.JPEGImageWriter::grabPixels (316 bytes)
Event: 1.778 Thread 0x00000248d1a62000  915       3       sun.awt.image.ByteInterleavedRaster::createChild (20 bytes)
Event: 1.778 Thread 0x00000248d1a62000 nmethod 915 0x00000248bb490190 code [0x00000248bb490340, 0x00000248bb490488]
Event: 1.780 Thread 0x00000248d1aec800 nmethod 914 0x00000248bb490590 code [0x00000248bb490900, 0x00000248bb491fd8]
Event: 1.782 Thread 0x00000248d1a62000  916       3       sun.awt.image.ByteInterleavedRaster::<init> (420 bytes)
Event: 1.782 Thread 0x00000248d1aec800  917       3       sun.awt.image.ByteComponentRaster::<init> (312 bytes)
Event: 1.783 Thread 0x00000248d1aec800 nmethod 917 0x00000248bb492690 code [0x00000248bb4929a0, 0x00000248bb493d88]
Event: 1.783 Thread 0x00000248d1aec800  918       3       java.awt.image.PixelInterleavedSampleModel::createSubsetSampleModel (59 bytes)
Event: 1.784 Thread 0x00000248d1a62000 nmethod 916 0x00000248bb494590 code [0x00000248bb4948c0, 0x00000248bb495f38]
Event: 1.784 Thread 0x00000248d1a62000  919       3       java.awt.Point::<init> (15 bytes)
Event: 1.784 Thread 0x00000248d1aec800 nmethod 918 0x00000248bb496690 code [0x00000248bb496860, 0x00000248bb496bc8]
Event: 1.784 Thread 0x00000248d1aec800  920       3       java.awt.geom.Point2D::<init> (5 bytes)
Event: 1.784 Thread 0x00000248d1a62000 nmethod 919 0x00000248bb496d90 code [0x00000248bb496f40, 0x00000248bb4970f8]
Event: 1.784 Thread 0x00000248d1aec800 nmethod 920 0x00000248bb497210 code [0x00000248bb4973c0, 0x00000248bb497518]
Event: 1.785 Thread 0x00000248d5511000 nmethod 905 0x00000248c27d6c90 code [0x00000248c27d6e60, 0x00000248c27d77d8]
Event: 1.785 Thread 0x00000248d1a62000  921       3       sun.awt.image.ByteInterleavedRaster::createWritableChild (192 bytes)
Event: 1.786 Thread 0x00000248d1a62000 nmethod 921 0x00000248bb497610 code [0x00000248bb4978a0, 0x00000248bb498458]
Event: 1.787 Thread 0x00000248d1aec800  922       3       java.awt.image.Raster::<init> (207 bytes)
Event: 1.788 Thread 0x00000248d1aec800 nmethod 922 0x00000248bb498890 code [0x00000248bb498ae0, 0x00000248bb499358]

GC Heap History (0 events):
No events

Deoptimization events (20 events):
Event: 1.780 Thread 0x00000248b030a000 DEOPT PACKING pc=0x00000248bb484258 sp=0x0000006b58ffde00
Event: 1.780 Thread 0x00000248b030a000 DEOPT UNPACKING pc=0x00000248bac3a95e sp=0x0000006b58ffd2b8 mode 0
Event: 1.781 Thread 0x00000248b030a000 DEOPT PACKING pc=0x00000248bb484258 sp=0x0000006b58ffddf0
Event: 1.781 Thread 0x00000248b030a000 DEOPT UNPACKING pc=0x00000248bac3a95e sp=0x0000006b58ffd2a8 mode 0
Event: 1.781 Thread 0x00000248b030a000 DEOPT PACKING pc=0x00000248bb484258 sp=0x0000006b58ffddf0
Event: 1.781 Thread 0x00000248b030a000 DEOPT UNPACKING pc=0x00000248bac3a95e sp=0x0000006b58ffd2a8 mode 0
Event: 1.782 Thread 0x00000248b030a000 DEOPT PACKING pc=0x00000248bb484258 sp=0x0000006b58ffddf0
Event: 1.782 Thread 0x00000248b030a000 DEOPT UNPACKING pc=0x00000248bac3a95e sp=0x0000006b58ffd2a8 mode 0
Event: 1.782 Thread 0x00000248b030a000 DEOPT PACKING pc=0x00000248bb484258 sp=0x0000006b58ffddf0
Event: 1.782 Thread 0x00000248b030a000 DEOPT UNPACKING pc=0x00000248bac3a95e sp=0x0000006b58ffd2a8 mode 0
Event: 1.783 Thread 0x00000248b030a000 DEOPT PACKING pc=0x00000248bb484258 sp=0x0000006b58ffddf0
Event: 1.783 Thread 0x00000248b030a000 DEOPT UNPACKING pc=0x00000248bac3a95e sp=0x0000006b58ffd2a8 mode 0
Event: 1.783 Thread 0x00000248b030a000 DEOPT PACKING pc=0x00000248bb484258 sp=0x0000006b58ffddf0
Event: 1.783 Thread 0x00000248b030a000 DEOPT UNPACKING pc=0x00000248bac3a95e sp=0x0000006b58ffd2a8 mode 0
Event: 1.784 Thread 0x00000248b030a000 DEOPT PACKING pc=0x00000248bb484258 sp=0x0000006b58ffddf0
Event: 1.784 Thread 0x00000248b030a000 DEOPT UNPACKING pc=0x00000248bac3a95e sp=0x0000006b58ffd2a8 mode 0
Event: 1.784 Thread 0x00000248b030a000 DEOPT PACKING pc=0x00000248bb484258 sp=0x0000006b58ffddf0
Event: 1.784 Thread 0x00000248b030a000 DEOPT UNPACKING pc=0x00000248bac3a95e sp=0x0000006b58ffd2a8 mode 0
Event: 1.784 Thread 0x00000248b030a000 DEOPT PACKING pc=0x00000248bb484258 sp=0x0000006b58ffddf0
Event: 1.784 Thread 0x00000248b030a000 DEOPT UNPACKING pc=0x00000248bac3a95e sp=0x0000006b58ffd2a8 mode 0

Classes redefined (0 events):
No events

Internal exceptions (20 events):
Event: 0.312 Thread 0x00000248b030a000 Exception <a 'java/lang/NoSuchMethodError'{0x00000000918c0030}: 'java.lang.Object java.lang.invoke.Invokers$Holder.linkToTargetMethod(java.lang.Object, long, java.lang.Object)'> (0x00000000918c0030) thrown at [./src/hotspot/share/interpreter/linkResolver.cpp, line 773]
Event: 0.313 Thread 0x00000248b030a000 Exception <a 'java/lang/NoSuchMethodError'{0x00000000918c6368}: 'int java.lang.invoke.DirectMethodHandle$Holder.invokeStaticInit(java.lang.Object, java.lang.Object, java.lang.Object, long)'> (0x00000000918c6368) thrown at [./src/hotspot/share/interpreter/linkResolver.cpp, line 773]
Event: 1.063 Thread 0x00000248b030a000 Exception <a 'sun/nio/fs/WindowsException'{0x0000000091754738}> (0x0000000091754738) thrown at [./src/hotspot/share/prims/jni.cpp, line 617]
Event: 1.063 Thread 0x00000248b030a000 Exception <a 'sun/nio/fs/WindowsException'{0x0000000091754af0}> (0x0000000091754af0) thrown at [./src/hotspot/share/prims/jni.cpp, line 617]
Event: 1.067 Thread 0x00000248b030a000 Exception <a 'sun/nio/fs/WindowsException'{0x000000009175e8a8}> (0x000000009175e8a8) thrown at [./src/hotspot/share/prims/jni.cpp, line 617]
Event: 1.067 Thread 0x00000248b030a000 Exception <a 'sun/nio/fs/WindowsException'{0x000000009175eb98}> (0x000000009175eb98) thrown at [./src/hotspot/share/prims/jni.cpp, line 617]
Event: 1.078 Thread 0x00000248b030a000 Exception <a 'sun/nio/fs/WindowsException'{0x00000000917800f0}> (0x00000000917800f0) thrown at [./src/hotspot/share/prims/jni.cpp, line 617]
Event: 1.078 Thread 0x00000248b030a000 Exception <a 'sun/nio/fs/WindowsException'{0x00000000917804a0}> (0x00000000917804a0) thrown at [./src/hotspot/share/prims/jni.cpp, line 617]
Event: 1.325 Thread 0x00000248b030a000 Exception <a 'java/lang/ClassNotFoundException'{0x0000000091340730}: sun/awt/resources/spi/awtProvider> (0x0000000091340730) thrown at [./src/hotspot/share/classfile/systemDictionary.cpp, line 230]
Event: 1.359 Thread 0x00000248b030a000 Exception <a 'java/io/FileNotFoundException'{0x00000000913b2598}> (0x00000000913b2598) thrown at [./src/hotspot/share/prims/jni.cpp, line 617]
Event: 1.372 Thread 0x00000248b030a000 Exception <a 'java/lang/NoSuchMethodError'{0x0000000091288888}: 'java.lang.Object java.lang.invoke.DirectMethodHandle$Holder.invokeStatic(java.lang.Object, java.lang.Object, java.lang.Object, java.lang.Object, java.lang.Object, java.lang.Object, java.lang.Object, java.lang.Object, java.lang.Object, java.lang.Object, java.lang.Object, java.lang.Object, java.lang.Object, java.lang.Object, java.lang.Object)'> (0x0000000091288888) thrown at [./src/hotspot/share/interpreter/linkResolver.cpp, line 773]
Event: 1.375 Thread 0x00000248b030a000 Exception <a 'java/lang/NoSuchMethodError'{0x0000000091296438}: 'java.lang.Object java.lang.invoke.DirectMethodHandle$Holder.invokeStatic(java.lang.Object, java.lang.Object, java.lang.Object, java.lang.Object, java.lang.Object, java.lang.Object, java.lang.Object, java.lang.Object, java.lang.Object, java.lang.Object, java.lang.Object, java.lang.Object, java.lang.Object, java.lang.Object, java.lang.Object, java.lang.Object)'> (0x0000000091296438) thrown at [./src/hotspot/share/interpreter/linkResolver.cpp, l
Event: 1.377 Thread 0x00000248b030a000 Exception <a 'java/lang/NoSuchMethodError'{0x00000000912a42e8}: 'java.lang.Object java.lang.invoke.DirectMethodHandle$Holder.invokeSpecial(java.lang.Object, java.lang.Object, int, int, java.lang.Object, java.lang.Object, java.lang.Object)'> (0x00000000912a42e8) thrown at [./src/hotspot/share/interpreter/linkResolver.cpp, line 773]
Event: 1.378 Thread 0x00000248b030a000 Exception <a 'java/lang/NoSuchMethodError'{0x00000000912a7878}: 'java.lang.Object java.lang.invoke.DelegatingMethodHandle$Holder.reinvoke_L(java.lang.Object, int, int, java.lang.Object, java.lang.Object, java.lang.Object)'> (0x00000000912a7878) thrown at [./src/hotspot/share/interpreter/linkResolver.cpp, line 773]
Event: 1.378 Thread 0x00000248b030a000 Exception <a 'java/lang/NoSuchMethodError'{0x00000000912abb00}: 'java.lang.Object java.lang.invoke.DirectMethodHandle$Holder.invokeStatic(java.lang.Object, java.lang.Object, java.lang.Object, java.lang.Object, int)'> (0x00000000912abb00) thrown at [./src/hotspot/share/interpreter/linkResolver.cpp, line 773]
Event: 1.389 Thread 0x00000248b030a000 Exception <a 'java/io/FileNotFoundException'{0x000000009110e848}> (0x000000009110e848) thrown at [./src/hotspot/share/prims/jni.cpp, line 617]
Event: 1.418 Thread 0x00000248b030a000 Exception <a 'java/lang/NoSuchMethodError'{0x0000000091154ad8}: 'java.lang.Object java.lang.invoke.DirectMethodHandle$Holder.invokeStatic(java.lang.Object, int, int, int, int)'> (0x0000000091154ad8) thrown at [./src/hotspot/share/interpreter/linkResolver.cpp, line 773]
Event: 1.419 Thread 0x00000248b030a000 Exception <a 'java/lang/NoSuchMethodError'{0x0000000091157c00}: 'java.lang.Object java.lang.invoke.DirectMethodHandle$Holder.invokeStaticInit(java.lang.Object, int, int, int, int)'> (0x0000000091157c00) thrown at [./src/hotspot/share/interpreter/linkResolver.cpp, line 773]
Event: 1.703 Thread 0x00000248b030a000 Exception <a 'java/lang/NoSuchMethodError'{0x0000000091186d28}: 'java.lang.Object java.lang.invoke.DirectMethodHandle$Holder.invokeStatic(java.lang.Object, java.lang.Object, int, int, int, int)'> (0x0000000091186d28) thrown at [./src/hotspot/share/interpreter/linkResolver.cpp, line 773]
Event: 1.704 Thread 0x00000248b030a000 Exception <a 'java/lang/NoSuchMethodError'{0x000000009118a080}: 'java.lang.Object java.lang.invoke.DirectMethodHandle$Holder.invokeStaticInit(java.lang.Object, java.lang.Object, int, int, int, int)'> (0x000000009118a080) thrown at [./src/hotspot/share/interpreter/linkResolver.cpp, line 773]

Events (20 events):
Event: 1.760 loading class com/sun/imageio/plugins/jpeg/DQTMarkerSegment
Event: 1.761 loading class com/sun/imageio/plugins/jpeg/DQTMarkerSegment done
Event: 1.761 loading class com/sun/imageio/plugins/jpeg/DQTMarkerSegment$Qtable
Event: 1.761 loading class com/sun/imageio/plugins/jpeg/DQTMarkerSegment$Qtable done
Event: 1.761 loading class com/sun/imageio/plugins/jpeg/DHTMarkerSegment
Event: 1.761 loading class com/sun/imageio/plugins/jpeg/DHTMarkerSegment done
Event: 1.761 loading class com/sun/imageio/plugins/jpeg/DHTMarkerSegment$Htable
Event: 1.761 loading class com/sun/imageio/plugins/jpeg/DHTMarkerSegment$Htable done
Event: 1.761 loading class com/sun/imageio/plugins/jpeg/SOFMarkerSegment
Event: 1.761 loading class com/sun/imageio/plugins/jpeg/SOFMarkerSegment done
Event: 1.761 loading class com/sun/imageio/plugins/jpeg/SOFMarkerSegment$ComponentSpec
Event: 1.761 loading class com/sun/imageio/plugins/jpeg/SOFMarkerSegment$ComponentSpec done
Event: 1.761 loading class com/sun/imageio/plugins/jpeg/SOSMarkerSegment
Event: 1.761 loading class com/sun/imageio/plugins/jpeg/SOSMarkerSegment done
Event: 1.761 loading class com/sun/imageio/plugins/jpeg/SOSMarkerSegment$ScanComponentSpec
Event: 1.761 loading class com/sun/imageio/plugins/jpeg/SOSMarkerSegment$ScanComponentSpec done
Event: 1.761 loading class com/sun/imageio/plugins/jpeg/AdobeMarkerSegment
Event: 1.761 loading class com/sun/imageio/plugins/jpeg/AdobeMarkerSegment done
Event: 1.761 loading class com/sun/imageio/plugins/jpeg/DRIMarkerSegment
Event: 1.761 loading class com/sun/imageio/plugins/jpeg/DRIMarkerSegment done


Dynamic libraries:
0x00007ff776210000 - 0x00007ff77621d000 	C:\Program Files\OpenJDK\openjdk-11.0.15_10\bin\java.exe
0x00007ffb939e0000 - 0x00007ffb93be9000 	C:\Windows\SYSTEM32\ntdll.dll
0x00007ffb932e0000 - 0x00007ffb9339d000 	C:\Windows\System32\KERNEL32.DLL
0x00007ffb910d0000 - 0x00007ffb91449000 	C:\Windows\System32\KERNELBASE.dll
0x00007ffb91750000 - 0x00007ffb91861000 	C:\Windows\System32\ucrtbase.dll
0x00007ffb795e0000 - 0x00007ffb795f6000 	C:\Program Files\OpenJDK\openjdk-11.0.15_10\bin\VCRUNTIME140.dll
0x00007ffb75990000 - 0x00007ffb759a8000 	C:\Program Files\OpenJDK\openjdk-11.0.15_10\bin\jli.dll
0x00007ffb91870000 - 0x00007ffb91a1c000 	C:\Windows\System32\USER32.dll
0x00007ffb70b00000 - 0x00007ffb70da5000 	C:\Windows\WinSxS\amd64_microsoft.windows.common-controls_6595b64144ccf1df_6.0.22000.120_none_9d947278b86cc467\COMCTL32.dll
0x00007ffb91680000 - 0x00007ffb916a6000 	C:\Windows\System32\win32u.dll
0x00007ffb922b0000 - 0x00007ffb92353000 	C:\Windows\System32\msvcrt.dll
0x00007ffb93640000 - 0x00007ffb93669000 	C:\Windows\System32\GDI32.dll
0x00007ffb90ec0000 - 0x00007ffb90fd2000 	C:\Windows\System32\gdi32full.dll
0x00007ffb916b0000 - 0x00007ffb9174d000 	C:\Windows\System32\msvcp_win.dll
0x00007ffb933a0000 - 0x00007ffb933d1000 	C:\Windows\System32\IMM32.DLL
0x00007ffb5a460000 - 0x00007ffb5a50a000 	C:\Program Files\OpenJDK\openjdk-11.0.15_10\bin\msvcp140.dll
0x00007ffb33790000 - 0x00007ffb342e1000 	C:\Program Files\OpenJDK\openjdk-11.0.15_10\bin\server\jvm.dll
0x00007ffb93230000 - 0x00007ffb932de000 	C:\Windows\System32\ADVAPI32.dll
0x00007ffb91cc0000 - 0x00007ffb91d5e000 	C:\Windows\System32\sechost.dll
0x00007ffb91a90000 - 0x00007ffb91bb0000 	C:\Windows\System32\RPCRT4.dll
0x00007ffb93500000 - 0x00007ffb93508000 	C:\Windows\System32\PSAPI.DLL
0x00007ffb874b0000 - 0x00007ffb874ba000 	C:\Windows\SYSTEM32\VERSION.dll
0x00007ffb88e80000 - 0x00007ffb88eb3000 	C:\Windows\SYSTEM32\WINMM.dll
0x00007ffb8d2a0000 - 0x00007ffb8d2a9000 	C:\Windows\SYSTEM32\WSOCK32.dll
0x00007ffb91a20000 - 0x00007ffb91a8f000 	C:\Windows\System32\WS2_32.dll
0x00007ffb90030000 - 0x00007ffb90048000 	C:\Windows\SYSTEM32\kernel.appcore.dll
0x00007ffb73910000 - 0x00007ffb73921000 	C:\Program Files\OpenJDK\openjdk-11.0.15_10\bin\verify.dll
0x00007ffb8ea50000 - 0x00007ffb8ec71000 	C:\Windows\SYSTEM32\DBGHELP.DLL
0x00007ffb76f30000 - 0x00007ffb76f61000 	C:\Windows\SYSTEM32\dbgcore.DLL
0x00007ffb90fe0000 - 0x00007ffb9105f000 	C:\Windows\System32\bcryptPrimitives.dll
0x00007ffb6de50000 - 0x00007ffb6de79000 	C:\Program Files\OpenJDK\openjdk-11.0.15_10\bin\java.dll
0x00007ffb7b7a0000 - 0x00007ffb7b7aa000 	C:\Program Files\OpenJDK\openjdk-11.0.15_10\bin\jimage.dll
0x00007ffb738f0000 - 0x00007ffb73908000 	C:\Program Files\OpenJDK\openjdk-11.0.15_10\bin\zip.dll
0x00007ffb92990000 - 0x00007ffb93148000 	C:\Windows\System32\SHELL32.dll
0x00007ffb8f000000 - 0x00007ffb8f868000 	C:\Windows\SYSTEM32\windows.storage.dll
0x00007ffb91e70000 - 0x00007ffb921e9000 	C:\Windows\System32\combase.dll
0x00007ffb8ee90000 - 0x00007ffb8eff6000 	C:\Windows\SYSTEM32\wintypes.dll
0x00007ffb91bb0000 - 0x00007ffb91c9a000 	C:\Windows\System32\SHCORE.dll
0x00007ffb93940000 - 0x00007ffb9399d000 	C:\Windows\System32\shlwapi.dll
0x00007ffb90df0000 - 0x00007ffb90e11000 	C:\Windows\SYSTEM32\profapi.dll
0x00007ffb73830000 - 0x00007ffb73849000 	C:\Program Files\OpenJDK\openjdk-11.0.15_10\bin\net.dll
0x00007ffb8b950000 - 0x00007ffb8ba5c000 	C:\Windows\SYSTEM32\WINHTTP.dll
0x00007ffb904e0000 - 0x00007ffb90547000 	C:\Windows\system32\mswsock.dll
0x00007ffb6cf20000 - 0x00007ffb6cf33000 	C:\Program Files\OpenJDK\openjdk-11.0.15_10\bin\nio.dll
0x00007ffb5c710000 - 0x00007ffb5c785000 	C:\Users\Deepak\AppData\Local\Temp\lwjglDeepak\3.3.1-SNAPSHOT\lwjgl.dll
0x00007ffb5ae30000 - 0x00007ffb5ae91000 	C:\Users\Deepak\AppData\Local\Temp\lwjglDeepak\3.3.1-SNAPSHOT\glfw.dll
0x00007ffb62640000 - 0x00007ffb62685000 	C:\Windows\SYSTEM32\dinput8.dll
0x00007ffb6cc10000 - 0x00007ffb6cc21000 	C:\Windows\SYSTEM32\xinput1_4.dll
0x00007ffb90be0000 - 0x00007ffb90c0c000 	C:\Windows\SYSTEM32\DEVOBJ.dll
0x00007ffb90b90000 - 0x00007ffb90bdc000 	C:\Windows\SYSTEM32\cfgmgr32.dll
0x00007ffb8e550000 - 0x00007ffb8e57f000 	C:\Windows\SYSTEM32\dwmapi.dll
0x00007ffb71bd0000 - 0x00007ffb71d99000 	C:\Windows\SYSTEM32\inputhost.dll
0x00007ffb8dcd0000 - 0x00007ffb8de02000 	C:\Windows\SYSTEM32\CoreMessaging.dll
0x00007ffb8e200000 - 0x00007ffb8e2ac000 	C:\Windows\system32\uxtheme.dll
0x00007ffb933e0000 - 0x00007ffb934fe000 	C:\Windows\System32\MSCTF.dll
0x00007ffb90740000 - 0x00007ffb9074c000 	C:\Windows\SYSTEM32\CRYPTBASE.DLL
0x00007ffb4a850000 - 0x00007ffb4a951000 	C:\Windows\SYSTEM32\opengl32.dll
0x00007ffb5cc60000 - 0x00007ffb5cc8d000 	C:\Windows\SYSTEM32\GLU32.dll
0x00007ffb8e350000 - 0x00007ffb8e388000 	C:\Windows\SYSTEM32\dxcore.dll
0x00007ffb8b810000 - 0x00007ffb8b854000 	C:\Windows\SYSTEM32\directxdatabasehelper.dll
0x00007ffb8e4f0000 - 0x00007ffb8e524000 	C:\Windows\SYSTEM32\ntmarta.dll
0x00007ffb93810000 - 0x00007ffb938bf000 	C:\Windows\System32\clbcatq.dll
0x00007ffb78920000 - 0x00007ffb7894c000 	C:\Windows\System32\DriverStore\FileRepository\u0375335.inf_amd64_7de275617d9da25a\B374868\atig6pxx.dll
0x00007ffb147e0000 - 0x00007ffb17623000 	C:\Windows\System32\DriverStore\FileRepository\u0375335.inf_amd64_7de275617d9da25a\B374868\atio6axx.dll
0x00007ffb92360000 - 0x00007ffb927cc000 	C:\Windows\System32\SETUPAPI.dll
0x00007ffb7a140000 - 0x00007ffb7a165000 	C:\Windows\SYSTEM32\dxva2.dll
0x00007ffb93670000 - 0x00007ffb9380a000 	C:\Windows\System32\ole32.dll
0x00007ffb77f20000 - 0x00007ffb77f5f000 	C:\Windows\System32\DriverStore\FileRepository\u0375335.inf_amd64_7de275617d9da25a\B374868\atig6txx.dll
0x00007ffb4a110000 - 0x00007ffb4a2dc000 	C:\Windows\SYSTEM32\atiadlxx.dll
0x00007ffb5fbe0000 - 0x00007ffb5fc2f000 	C:\Windows\SYSTEM32\pdh.dll
0x00007ffb8cb90000 - 0x00007ffb8cc87000 	C:\Windows\SYSTEM32\PROPSYS.dll
0x00007ffb91060000 - 0x00007ffb910c7000 	C:\Windows\System32\WINTRUST.dll
0x00007ffb91450000 - 0x00007ffb915b2000 	C:\Windows\System32\CRYPT32.dll
0x00007ffb90780000 - 0x00007ffb90792000 	C:\Windows\SYSTEM32\MSASN1.dll
0x00007ffb6f930000 - 0x00007ffb6fa5d000 	C:\Windows\SYSTEM32\textinputframework.dll
0x00007ffb93150000 - 0x00007ffb93226000 	C:\Windows\System32\OLEAUT32.dll
0x00007ffb8af00000 - 0x00007ffb8b26d000 	C:\Windows\SYSTEM32\CoreUIComponents.dll
0x00007ffb5a400000 - 0x00007ffb5a45d000 	C:\Users\Deepak\AppData\Local\Temp\lwjglDeepak\3.3.1-SNAPSHOT\lwjgl_opengl.dll
0x00007ffb525e0000 - 0x00007ffb52839000 	C:\Users\Deepak\AppData\Local\Temp\lwjglDeepak\3.3.1-SNAPSHOT\jemalloc.dll
0x00007ffb492c0000 - 0x00007ffb4945f000 	C:\Program Files\OpenJDK\openjdk-11.0.15_10\bin\awt.dll
0x00007ffb8e0d0000 - 0x00007ffb8e161000 	C:\Windows\SYSTEM32\apphelp.dll
0x00007ffb90720000 - 0x00007ffb90738000 	C:\Windows\SYSTEM32\CRYPTSP.dll
0x00007ffb8ff70000 - 0x00007ffb8ffa5000 	C:\Windows\system32\rsaenh.dll
0x00007ffb905d0000 - 0x00007ffb905f9000 	C:\Windows\SYSTEM32\USERENV.dll
0x00007ffb908a0000 - 0x00007ffb908c7000 	C:\Windows\SYSTEM32\bcrypt.dll
0x00007ffb8fb30000 - 0x00007ffb8fb5d000 	C:\Windows\SYSTEM32\IPHLPAPI.DLL
0x00007ffb93630000 - 0x00007ffb93639000 	C:\Windows\System32\NSI.dll
0x00007ffb89b60000 - 0x00007ffb89b79000 	C:\Windows\SYSTEM32\dhcpcsvc6.DLL
0x00007ffb8a0f0000 - 0x00007ffb8a10e000 	C:\Windows\SYSTEM32\dhcpcsvc.DLL
0x00007ffb8fb60000 - 0x00007ffb8fc48000 	C:\Windows\SYSTEM32\DNSAPI.dll
0x00007ffb60f80000 - 0x00007ffb60fad000 	C:\Program Files\OpenJDK\openjdk-11.0.15_10\bin\javajpeg.dll

dbghelp: loaded successfully - version: 4.0.5 - missing functions: none
symbol engine: initialized successfully - sym options: 0x614 - pdb path: .;C:\Program Files\OpenJDK\openjdk-11.0.15_10\bin;C:\Windows\SYSTEM32;C:\Windows\WinSxS\amd64_microsoft.windows.common-controls_6595b64144ccf1df_6.0.22000.120_none_9d947278b86cc467;C:\Program Files\OpenJDK\openjdk-11.0.15_10\bin\server;C:\Users\Deepak\AppData\Local\Temp\lwjglDeepak\3.3.1-SNAPSHOT;C:\Windows\System32\DriverStore\FileRepository\u0375335.inf_amd64_7de275617d9da25a\B374868

VM Arguments:
java_command: .\target\miniengine-1.0-SNAPSHOT.jar
java_class_path (initial): .\target\miniengine-1.0-SNAPSHOT.jar
Launcher Type: SUN_STANDARD

[Global flags]
     intx CICompilerCount                          = 12                                        {product} {ergonomic}
     uint ConcGCThreads                            = 3                                         {product} {ergonomic}
     uint G1ConcRefinementThreads                  = 13                                        {product} {ergonomic}
   size_t G1HeapRegionSize                         = 1048576                                   {product} {ergonomic}
    uintx GCDrainStackTargetSize                   = 64                                        {product} {ergonomic}
   size_t InitialHeapSize                          = 123731968                                 {product} {ergonomic}
   size_t MarkStackSize                            = 4194304                                   {product} {ergonomic}
   size_t MaxHeapSize                              = 1973420032                                {product} {ergonomic}
   size_t MaxNewSize                               = 1183842304                                {product} {ergonomic}
   size_t MinHeapDeltaBytes                        = 1048576                                   {product} {ergonomic}
    uintx NonNMethodCodeHeapSize                   = 7594288                                {pd product} {ergonomic}
    uintx NonProfiledCodeHeapSize                  = 122031976                              {pd product} {ergonomic}
    uintx ProfiledCodeHeapSize                     = 122031976                              {pd product} {ergonomic}
    uintx ReservedCodeCacheSize                    = 251658240                              {pd product} {ergonomic}
     bool SegmentedCodeCache                       = true                                      {product} {ergonomic}
     bool UseCompressedClassPointers               = true                                 {lp64_product} {ergonomic}
     bool UseCompressedOops                        = true                                 {lp64_product} {ergonomic}
     bool UseG1GC                                  = true                                      {product} {ergonomic}
     bool UseLargePagesIndividualAllocation        = false                                  {pd product} {ergonomic}

Logging:
Log output configuration:
 #0: stdout all=warning uptime,level,tags
 #1: stderr all=off uptime,level,tags

Environment Variables:
JAVA_HOME=C:\Program Files\OpenJDK\openjdk-11.0.15_10
PATH=C:\Windows\system32;C:\Windows;C:\Windows\System32\Wbem;C:\Windows\System32\WindowsPowerShell\v1.0\;C:\Windows\System32\OpenSSH\;C:\Program Files\Git\cmd;C:\ProgramData\chocolatey\bin;C:\Program Files\OpenJDK\openjdk-11.0.15_10\bin;C:\ProgramData\chocolatey\lib\maven\apache-maven-3.8.6\bin;C:\Users\Deepak\AppData\Local\Microsoft\WindowsApps
USERNAME=Deepak
OS=Windows_NT
PROCESSOR_IDENTIFIER=AMD64 Family 23 Model 104 Stepping 1, AuthenticAMD



---------------  S Y S T E M  ---------------

OS: Windows 11 , 64 bit Build 22000 (10.0.22000.708)
OS uptime: 1 days 20:27 hours
Hyper-V role detected

CPU:total 16 (initial active 16) (16 cores per cpu, 2 threads per core) family 23 model 104 stepping 1 microcode 0x0, cmov, cx8, fxsr, mmx, sse, sse2, sse3, ssse3, sse4.1, sse4.2, popcnt, avx, avx2, aes, clmul, mmxext, 3dnowpref, lzcnt, sse4a, ht, tsc, tscinvbit, tscinv, bmi1, bmi2, adx, sha, fma

Memory: 4k page, system-wide physical 7520M (1476M free)
TotalPageFile size 11384M (AvailPageFile size 2060M)
current process WorkingSet (physical memory assigned to process): 100M, peak: 100M
current process commit charge ("private bytes"): 294M, peak: 294M

vm_info: OpenJDK 64-Bit Server VM (11.0.15+10) for windows-amd64 JRE (11.0.15+10), built on Apr 21 2022 21:29:46 by "tester" with MS VC++ 15.5 (VS2017)

END.
